Using device: cuda
GPU: NVIDIA L4

============================================================
Loading datasets...
============================================================
Loaded 7424 samples from data/geolife/geolife_transformer_7_train.pk
Vocabulary size: 1187 (unique locations: 1156)
Loaded 3334 samples from data/geolife/geolife_transformer_7_validation.pk
Vocabulary size: 1176 (unique locations: 382)
Loaded 3502 samples from data/geolife/geolife_transformer_7_test.pk
Vocabulary size: 1177 (unique locations: 355)
Train samples: 7424
Val samples: 3334
Test samples: 3502

============================================================
Initializing model...
============================================================
Total parameters: 2,522,528
Trainable parameters: 2,522,208

============================================================
Starting training...
============================================================


============================================================
Epoch 1/250
============================================================
Epoch 1 | Batch 10/58 | Loss: 7.6177 | Acc@1: 0.0000 | Acc@5: 0.0000 | Acc@10: 0.0000
Epoch 1 | Batch 20/58 | Loss: 7.3036 | Acc@1: 0.0000 | Acc@5: 0.0000 | Acc@10: 0.0234
Epoch 1 | Batch 30/58 | Loss: 7.0431 | Acc@1: 0.0000 | Acc@5: 0.0000 | Acc@10: 0.0312
Epoch 1 | Batch 40/58 | Loss: 6.9306 | Acc@1: 0.0234 | Acc@5: 0.0547 | Acc@10: 0.0781
Epoch 1 | Batch 50/58 | Loss: 6.7926 | Acc@1: 0.0469 | Acc@5: 0.1328 | Acc@10: 0.1719

Validation Results:
  Loss: 6.5491
  Acc@1: 0.1100 (11.00%)
  Acc@5: 0.2399 (23.99%)
  Acc@10: 0.2569 (25.69%)


Test Results:
  Loss: 6.6834
  Acc@1: 0.1263 (12.63%)
  Acc@5: 0.2030 (20.30%)
  Acc@10: 0.2154 (21.54%)

Epoch 1 Summary:
  Train - Loss: 7.1472 | Acc@1: 0.0143
  Val   - Loss: 6.5491 | Acc@1: 0.1100
  Test  - Loss: 6.6834 | Acc@1: 0.1263
  Time: 19.91s | LR: 0.000020
  Saved checkpoint: checkpoints/location_hrm_final_epoch1.pt
  ✅ New best validation accuracy! Saved to checkpoints/location_hrm_final_best_val.pt
  ✅ New best test accuracy! Saved to checkpoints/location_hrm_final_best_test.pt

============================================================
Epoch 2/250
============================================================
Epoch 2 | Batch 10/58 | Loss: 6.3607 | Acc@1: 0.1484 | Acc@5: 0.2266 | Acc@10: 0.2500
Epoch 2 | Batch 20/58 | Loss: 6.2977 | Acc@1: 0.1172 | Acc@5: 0.2031 | Acc@10: 0.2188
Epoch 2 | Batch 30/58 | Loss: 6.3488 | Acc@1: 0.1250 | Acc@5: 0.2266 | Acc@10: 0.2500
Epoch 2 | Batch 40/58 | Loss: 5.9985 | Acc@1: 0.1719 | Acc@5: 0.2812 | Acc@10: 0.3281
Epoch 2 | Batch 50/58 | Loss: 5.6807 | Acc@1: 0.2344 | Acc@5: 0.3594 | Acc@10: 0.4062

Validation Results:
  Loss: 6.0450
  Acc@1: 0.1823 (18.23%)
  Acc@5: 0.2873 (28.73%)
  Acc@10: 0.3488 (34.88%)


Test Results:
  Loss: 6.3617
  Acc@1: 0.1670 (16.70%)
  Acc@5: 0.2360 (23.60%)
  Acc@10: 0.2770 (27.70%)

Epoch 2 Summary:
  Train - Loss: 6.1536 | Acc@1: 0.1591
  Val   - Loss: 6.0450 | Acc@1: 0.1823
  Test  - Loss: 6.3617 | Acc@1: 0.1670
  Time: 18.63s | LR: 0.000040
  Saved checkpoint: checkpoints/location_hrm_final_epoch2.pt
  ✅ New best validation accuracy! Saved to checkpoints/location_hrm_final_best_val.pt
  ✅ New best test accuracy! Saved to checkpoints/location_hrm_final_best_test.pt

============================================================
Epoch 3/250
============================================================
Epoch 3 | Batch 10/58 | Loss: 5.9014 | Acc@1: 0.1641 | Acc@5: 0.2500 | Acc@10: 0.3125
Epoch 3 | Batch 20/58 | Loss: 5.6362 | Acc@1: 0.2266 | Acc@5: 0.3672 | Acc@10: 0.4062
Epoch 3 | Batch 30/58 | Loss: 5.4912 | Acc@1: 0.2031 | Acc@5: 0.3594 | Acc@10: 0.4688
Epoch 3 | Batch 40/58 | Loss: 5.3337 | Acc@1: 0.2188 | Acc@5: 0.4375 | Acc@10: 0.4844
Epoch 3 | Batch 50/58 | Loss: 5.4657 | Acc@1: 0.2109 | Acc@5: 0.3828 | Acc@10: 0.4609

Validation Results:
  Loss: 5.5244
  Acc@1: 0.2040 (20.40%)
  Acc@5: 0.4579 (45.79%)
  Acc@10: 0.5023 (50.23%)


Test Results:
  Loss: 5.9355
  Acc@1: 0.1901 (19.01%)
  Acc@5: 0.3970 (39.70%)
  Acc@10: 0.4213 (42.13%)

Epoch 3 Summary:
  Train - Loss: 5.4692 | Acc@1: 0.2096
  Val   - Loss: 5.5244 | Acc@1: 0.2040
  Test  - Loss: 5.9355 | Acc@1: 0.1901
  Time: 18.68s | LR: 0.000060
  Saved checkpoint: checkpoints/location_hrm_final_epoch3.pt
  ✅ New best validation accuracy! Saved to checkpoints/location_hrm_final_best_val.pt
  ✅ New best test accuracy! Saved to checkpoints/location_hrm_final_best_test.pt

============================================================
Epoch 4/250
============================================================
Epoch 4 | Batch 10/58 | Loss: 5.0316 | Acc@1: 0.2422 | Acc@5: 0.4609 | Acc@10: 0.5156
Epoch 4 | Batch 20/58 | Loss: 5.2452 | Acc@1: 0.2266 | Acc@5: 0.4141 | Acc@10: 0.4844
Epoch 4 | Batch 30/58 | Loss: 5.1335 | Acc@1: 0.2734 | Acc@5: 0.4141 | Acc@10: 0.4766
Epoch 4 | Batch 40/58 | Loss: 4.8435 | Acc@1: 0.2656 | Acc@5: 0.4922 | Acc@10: 0.5391
Epoch 4 | Batch 50/58 | Loss: 5.0878 | Acc@1: 0.2656 | Acc@5: 0.4453 | Acc@10: 0.5078

Validation Results:
  Loss: 5.1010
  Acc@1: 0.2428 (24.28%)
  Acc@5: 0.5365 (53.65%)
  Acc@10: 0.5729 (57.29%)


Test Results:
  Loss: 5.5675
  Acc@1: 0.2200 (22.00%)
  Acc@5: 0.4389 (43.89%)
  Acc@10: 0.4882 (48.82%)

Epoch 4 Summary:
  Train - Loss: 4.9588 | Acc@1: 0.2519
  Val   - Loss: 5.1010 | Acc@1: 0.2428
  Test  - Loss: 5.5675 | Acc@1: 0.2200
  Time: 11.44s | LR: 0.000080
  Saved checkpoint: checkpoints/location_hrm_final_epoch4.pt
  ✅ New best validation accuracy! Saved to checkpoints/location_hrm_final_best_val.pt
  ✅ New best test accuracy! Saved to checkpoints/location_hrm_final_best_test.pt

============================================================
Epoch 5/250
============================================================
Epoch 5 | Batch 10/58 | Loss: 4.8093 | Acc@1: 0.2500 | Acc@5: 0.5156 | Acc@10: 0.5781
Epoch 5 | Batch 20/58 | Loss: 4.8979 | Acc@1: 0.2344 | Acc@5: 0.5000 | Acc@10: 0.5547
Epoch 5 | Batch 30/58 | Loss: 4.1396 | Acc@1: 0.3594 | Acc@5: 0.6094 | Acc@10: 0.6797
Epoch 5 | Batch 40/58 | Loss: 4.4287 | Acc@1: 0.2578 | Acc@5: 0.6094 | Acc@10: 0.6484
Epoch 5 | Batch 50/58 | Loss: 4.1257 | Acc@1: 0.3438 | Acc@5: 0.6250 | Acc@10: 0.6641

Validation Results:
  Loss: 4.9489
  Acc@1: 0.2721 (27.21%)
  Acc@5: 0.5501 (55.01%)
  Acc@10: 0.5903 (59.03%)


Test Results:
  Loss: 5.4905
  Acc@1: 0.2634 (26.34%)
  Acc@5: 0.4352 (43.52%)
  Acc@10: 0.5114 (51.14%)

Epoch 5 Summary:
  Train - Loss: 4.5597 | Acc@1: 0.2885
  Val   - Loss: 4.9489 | Acc@1: 0.2721
  Test  - Loss: 5.4905 | Acc@1: 0.2634
  Time: 9.21s | LR: 0.000100
  Saved checkpoint: checkpoints/location_hrm_final_epoch5.pt
  ✅ New best validation accuracy! Saved to checkpoints/location_hrm_final_best_val.pt
  ✅ New best test accuracy! Saved to checkpoints/location_hrm_final_best_test.pt

============================================================
Epoch 6/250
============================================================
Epoch 6 | Batch 10/58 | Loss: 4.6528 | Acc@1: 0.3047 | Acc@5: 0.5469 | Acc@10: 0.5625
Epoch 6 | Batch 20/58 | Loss: 4.1337 | Acc@1: 0.2891 | Acc@5: 0.6562 | Acc@10: 0.6953
Epoch 6 | Batch 30/58 | Loss: 4.4004 | Acc@1: 0.2812 | Acc@5: 0.5859 | Acc@10: 0.6250
Epoch 6 | Batch 40/58 | Loss: 3.9038 | Acc@1: 0.3906 | Acc@5: 0.6484 | Acc@10: 0.6719
Epoch 6 | Batch 50/58 | Loss: 4.4126 | Acc@1: 0.2812 | Acc@5: 0.5859 | Acc@10: 0.5859

Validation Results:
  Loss: 4.6358
  Acc@1: 0.3197 (31.97%)
  Acc@5: 0.5778 (57.78%)
  Acc@10: 0.6073 (60.73%)


Test Results:
  Loss: 5.2606
  Acc@1: 0.2597 (25.97%)
  Acc@5: 0.4726 (47.26%)
  Acc@10: 0.5150 (51.50%)

Epoch 6 Summary:
  Train - Loss: 4.2232 | Acc@1: 0.3256
  Val   - Loss: 4.6358 | Acc@1: 0.3197
  Test  - Loss: 5.2606 | Acc@1: 0.2597
  Time: 9.16s | LR: 0.000120
  Saved checkpoint: checkpoints/location_hrm_final_epoch6.pt
  ✅ New best validation accuracy! Saved to checkpoints/location_hrm_final_best_val.pt

============================================================
Epoch 7/250
============================================================
Epoch 7 | Batch 10/58 | Loss: 3.6152 | Acc@1: 0.3906 | Acc@5: 0.6484 | Acc@10: 0.6953
Epoch 7 | Batch 20/58 | Loss: 3.7699 | Acc@1: 0.3984 | Acc@5: 0.6562 | Acc@10: 0.7266
Epoch 7 | Batch 30/58 | Loss: 4.2363 | Acc@1: 0.3516 | Acc@5: 0.6016 | Acc@10: 0.6172
Epoch 7 | Batch 40/58 | Loss: 4.1276 | Acc@1: 0.3438 | Acc@5: 0.6016 | Acc@10: 0.6484
Epoch 7 | Batch 50/58 | Loss: 3.9927 | Acc@1: 0.3125 | Acc@5: 0.6328 | Acc@10: 0.6875

Validation Results:
  Loss: 4.4997
  Acc@1: 0.3206 (32.06%)
  Acc@5: 0.5770 (57.70%)
  Acc@10: 0.6201 (62.01%)


Test Results:
  Loss: 5.0792
  Acc@1: 0.2536 (25.36%)
  Acc@5: 0.4707 (47.07%)
  Acc@10: 0.5283 (52.83%)

Epoch 7 Summary:
  Train - Loss: 3.9916 | Acc@1: 0.3394
  Val   - Loss: 4.4997 | Acc@1: 0.3206
  Test  - Loss: 5.0792 | Acc@1: 0.2536
  Time: 9.30s | LR: 0.000140
  Saved checkpoint: checkpoints/location_hrm_final_epoch7.pt
  ✅ New best validation accuracy! Saved to checkpoints/location_hrm_final_best_val.pt

============================================================
Epoch 8/250
============================================================
Epoch 8 | Batch 10/58 | Loss: 3.8270 | Acc@1: 0.3438 | Acc@5: 0.6562 | Acc@10: 0.6797
Epoch 8 | Batch 20/58 | Loss: 3.6036 | Acc@1: 0.3750 | Acc@5: 0.6797 | Acc@10: 0.7344
Epoch 8 | Batch 30/58 | Loss: 3.6216 | Acc@1: 0.3047 | Acc@5: 0.6797 | Acc@10: 0.7812
Epoch 8 | Batch 40/58 | Loss: 3.7336 | Acc@1: 0.3594 | Acc@5: 0.6797 | Acc@10: 0.7344
Epoch 8 | Batch 50/58 | Loss: 3.8864 | Acc@1: 0.2969 | Acc@5: 0.6562 | Acc@10: 0.6953

Validation Results:
  Loss: 4.3425
  Acc@1: 0.3203 (32.03%)
  Acc@5: 0.6042 (60.42%)
  Acc@10: 0.6427 (64.27%)


Test Results:
  Loss: 4.8633
  Acc@1: 0.2688 (26.88%)
  Acc@5: 0.5102 (51.02%)
  Acc@10: 0.5777 (57.77%)

Epoch 8 Summary:
  Train - Loss: 3.8401 | Acc@1: 0.3483
  Val   - Loss: 4.3425 | Acc@1: 0.3203
  Test  - Loss: 4.8633 | Acc@1: 0.2688
  Time: 9.16s | LR: 0.000160
  ✅ New best test accuracy! Saved to checkpoints/location_hrm_final_best_test.pt

============================================================
Epoch 9/250
============================================================
Epoch 9 | Batch 10/58 | Loss: 3.6227 | Acc@1: 0.3516 | Acc@5: 0.6562 | Acc@10: 0.7188
Epoch 9 | Batch 20/58 | Loss: 3.9154 | Acc@1: 0.2891 | Acc@5: 0.6406 | Acc@10: 0.6875
Epoch 9 | Batch 30/58 | Loss: 3.6452 | Acc@1: 0.3828 | Acc@5: 0.6797 | Acc@10: 0.6953
Epoch 9 | Batch 40/58 | Loss: 3.7945 | Acc@1: 0.3672 | Acc@5: 0.6641 | Acc@10: 0.6875
Epoch 9 | Batch 50/58 | Loss: 4.2505 | Acc@1: 0.2578 | Acc@5: 0.5625 | Acc@10: 0.6406

Validation Results:
  Loss: 4.3047
  Acc@1: 0.3252 (32.52%)
  Acc@5: 0.6056 (60.56%)
  Acc@10: 0.6357 (63.57%)


Test Results:
  Loss: 4.9950
  Acc@1: 0.2539 (25.39%)
  Acc@5: 0.5008 (50.08%)
  Acc@10: 0.5311 (53.11%)

Epoch 9 Summary:
  Train - Loss: 3.7117 | Acc@1: 0.3468
  Val   - Loss: 4.3047 | Acc@1: 0.3252
  Test  - Loss: 4.9950 | Acc@1: 0.2539
  Time: 9.13s | LR: 0.000180
  Saved checkpoint: checkpoints/location_hrm_final_epoch9.pt
  ✅ New best validation accuracy! Saved to checkpoints/location_hrm_final_best_val.pt

============================================================
Epoch 10/250
============================================================
Epoch 10 | Batch 10/58 | Loss: 4.1984 | Acc@1: 0.2422 | Acc@5: 0.5859 | Acc@10: 0.6250
Epoch 10 | Batch 20/58 | Loss: 3.6988 | Acc@1: 0.3203 | Acc@5: 0.6953 | Acc@10: 0.7109
Epoch 10 | Batch 30/58 | Loss: 3.5905 | Acc@1: 0.3438 | Acc@5: 0.6953 | Acc@10: 0.7031
Epoch 10 | Batch 40/58 | Loss: 3.6077 | Acc@1: 0.3203 | Acc@5: 0.7031 | Acc@10: 0.7422
Epoch 10 | Batch 50/58 | Loss: 3.4736 | Acc@1: 0.3516 | Acc@5: 0.7188 | Acc@10: 0.7656

Validation Results:
  Loss: 4.2780
  Acc@1: 0.3440 (34.40%)
  Acc@5: 0.6152 (61.52%)
  Acc@10: 0.6461 (64.61%)


Test Results:
  Loss: 4.8506
  Acc@1: 0.2909 (29.09%)
  Acc@5: 0.5289 (52.89%)
  Acc@10: 0.5654 (56.54%)

Epoch 10 Summary:
  Train - Loss: 3.6194 | Acc@1: 0.3431
  Val   - Loss: 4.2780 | Acc@1: 0.3440
  Test  - Loss: 4.8506 | Acc@1: 0.2909
  Time: 9.12s | LR: 0.000200
  Saved checkpoint: checkpoints/location_hrm_final_epoch10.pt
  ✅ New best validation accuracy! Saved to checkpoints/location_hrm_final_best_val.pt
  ✅ New best test accuracy! Saved to checkpoints/location_hrm_final_best_test.pt

============================================================
Epoch 11/250
============================================================
Epoch 11 | Batch 10/58 | Loss: 3.4278 | Acc@1: 0.4141 | Acc@5: 0.6875 | Acc@10: 0.7109
Epoch 11 | Batch 20/58 | Loss: 3.4621 | Acc@1: 0.3047 | Acc@5: 0.7031 | Acc@10: 0.7422
Epoch 11 | Batch 30/58 | Loss: 3.2518 | Acc@1: 0.3203 | Acc@5: 0.7188 | Acc@10: 0.7891
Epoch 11 | Batch 40/58 | Loss: 3.5675 | Acc@1: 0.3828 | Acc@5: 0.6953 | Acc@10: 0.7266
Epoch 11 | Batch 50/58 | Loss: 3.3935 | Acc@1: 0.3750 | Acc@5: 0.6953 | Acc@10: 0.7422

Validation Results:
  Loss: 4.2373
  Acc@1: 0.3220 (32.20%)
  Acc@5: 0.6117 (61.17%)
  Acc@10: 0.6473 (64.73%)


Test Results:
  Loss: 4.9015
  Acc@1: 0.2499 (24.99%)
  Acc@5: 0.5108 (51.08%)
  Acc@10: 0.5551 (55.51%)

Epoch 11 Summary:
  Train - Loss: 3.5185 | Acc@1: 0.3514
  Val   - Loss: 4.2373 | Acc@1: 0.3220
  Test  - Loss: 4.9015 | Acc@1: 0.2499
  Time: 9.10s | LR: 0.000220

============================================================
Epoch 12/250
============================================================
Epoch 12 | Batch 10/58 | Loss: 3.4841 | Acc@1: 0.3125 | Acc@5: 0.6719 | Acc@10: 0.7266
Epoch 12 | Batch 20/58 | Loss: 3.3899 | Acc@1: 0.3203 | Acc@5: 0.6953 | Acc@10: 0.7500
Epoch 12 | Batch 30/58 | Loss: 3.4690 | Acc@1: 0.3438 | Acc@5: 0.6562 | Acc@10: 0.7500
Epoch 12 | Batch 40/58 | Loss: 3.2861 | Acc@1: 0.3438 | Acc@5: 0.7344 | Acc@10: 0.7344
Epoch 12 | Batch 50/58 | Loss: 3.3645 | Acc@1: 0.3594 | Acc@5: 0.7109 | Acc@10: 0.7578

Validation Results:
  Loss: 4.2523
  Acc@1: 0.3328 (33.28%)
  Acc@5: 0.6178 (61.78%)
  Acc@10: 0.6577 (65.77%)


Test Results:
  Loss: 4.8754
  Acc@1: 0.2717 (27.17%)
  Acc@5: 0.5350 (53.50%)
  Acc@10: 0.5707 (57.07%)

Epoch 12 Summary:
  Train - Loss: 3.4403 | Acc@1: 0.3607
  Val   - Loss: 4.2523 | Acc@1: 0.3328
  Test  - Loss: 4.8754 | Acc@1: 0.2717
  Time: 9.13s | LR: 0.000240

============================================================
Epoch 13/250
============================================================
Epoch 13 | Batch 10/58 | Loss: 3.4828 | Acc@1: 0.2969 | Acc@5: 0.6719 | Acc@10: 0.7344
Epoch 13 | Batch 20/58 | Loss: 3.1978 | Acc@1: 0.3359 | Acc@5: 0.7422 | Acc@10: 0.7734
Epoch 13 | Batch 30/58 | Loss: 3.7721 | Acc@1: 0.2969 | Acc@5: 0.6328 | Acc@10: 0.6875
Epoch 13 | Batch 40/58 | Loss: 3.3620 | Acc@1: 0.3125 | Acc@5: 0.6953 | Acc@10: 0.7500
Epoch 13 | Batch 50/58 | Loss: 3.3321 | Acc@1: 0.3281 | Acc@5: 0.7109 | Acc@10: 0.7578

Validation Results:
  Loss: 4.1229
  Acc@1: 0.3316 (33.16%)
  Acc@5: 0.6221 (62.21%)
  Acc@10: 0.6597 (65.97%)


Test Results:
  Loss: 4.7197
  Acc@1: 0.2960 (29.60%)
  Acc@5: 0.5518 (55.18%)
  Acc@10: 0.5763 (57.63%)

Epoch 13 Summary:
  Train - Loss: 3.3807 | Acc@1: 0.3549
  Val   - Loss: 4.1229 | Acc@1: 0.3316
  Test  - Loss: 4.7197 | Acc@1: 0.2960
  Time: 9.15s | LR: 0.000260
  ✅ New best test accuracy! Saved to checkpoints/location_hrm_final_best_test.pt

============================================================
Epoch 14/250
============================================================
Epoch 14 | Batch 10/58 | Loss: 3.4095 | Acc@1: 0.4219 | Acc@5: 0.6797 | Acc@10: 0.7578
Epoch 14 | Batch 20/58 | Loss: 3.2500 | Acc@1: 0.3438 | Acc@5: 0.6953 | Acc@10: 0.7891
Epoch 14 | Batch 30/58 | Loss: 3.3612 | Acc@1: 0.3594 | Acc@5: 0.7188 | Acc@10: 0.7812
Epoch 14 | Batch 40/58 | Loss: 3.1710 | Acc@1: 0.3359 | Acc@5: 0.7422 | Acc@10: 0.7891
Epoch 14 | Batch 50/58 | Loss: 3.3921 | Acc@1: 0.3516 | Acc@5: 0.7188 | Acc@10: 0.7578

Validation Results:
  Loss: 4.1947
  Acc@1: 0.3339 (33.39%)
  Acc@5: 0.6166 (61.66%)
  Acc@10: 0.6571 (65.71%)


Test Results:
  Loss: 4.7553
  Acc@1: 0.3062 (30.62%)
  Acc@5: 0.5365 (53.65%)
  Acc@10: 0.5798 (57.98%)

Epoch 14 Summary:
  Train - Loss: 3.3075 | Acc@1: 0.3684
  Val   - Loss: 4.1947 | Acc@1: 0.3339
  Test  - Loss: 4.7553 | Acc@1: 0.3062
  Time: 9.25s | LR: 0.000280
  ✅ New best test accuracy! Saved to checkpoints/location_hrm_final_best_test.pt

============================================================
Epoch 15/250
============================================================
Epoch 15 | Batch 10/58 | Loss: 3.2548 | Acc@1: 0.4062 | Acc@5: 0.6953 | Acc@10: 0.7344
Epoch 15 | Batch 20/58 | Loss: 3.0498 | Acc@1: 0.3750 | Acc@5: 0.7656 | Acc@10: 0.8047
Epoch 15 | Batch 30/58 | Loss: 3.1859 | Acc@1: 0.3438 | Acc@5: 0.7031 | Acc@10: 0.7734
Epoch 15 | Batch 40/58 | Loss: 3.2242 | Acc@1: 0.3828 | Acc@5: 0.7109 | Acc@10: 0.7578
Epoch 15 | Batch 50/58 | Loss: 2.9287 | Acc@1: 0.3906 | Acc@5: 0.7891 | Acc@10: 0.8047

Validation Results:
  Loss: 4.1012
  Acc@1: 0.3530 (35.30%)
  Acc@5: 0.6253 (62.53%)
  Acc@10: 0.6571 (65.71%)


Test Results:
  Loss: 4.6525
  Acc@1: 0.2999 (29.99%)
  Acc@5: 0.5538 (55.38%)
  Acc@10: 0.5835 (58.35%)

Epoch 15 Summary:
  Train - Loss: 3.2616 | Acc@1: 0.3644
  Val   - Loss: 4.1012 | Acc@1: 0.3530
  Test  - Loss: 4.6525 | Acc@1: 0.2999
  Time: 9.21s | LR: 0.000300
  Saved checkpoint: checkpoints/location_hrm_final_epoch15.pt
  ✅ New best validation accuracy! Saved to checkpoints/location_hrm_final_best_val.pt

============================================================
Epoch 16/250
============================================================
Epoch 16 | Batch 10/58 | Loss: 3.1055 | Acc@1: 0.3516 | Acc@5: 0.7344 | Acc@10: 0.7969
Epoch 16 | Batch 20/58 | Loss: 3.3556 | Acc@1: 0.3594 | Acc@5: 0.6953 | Acc@10: 0.7578
Epoch 16 | Batch 30/58 | Loss: 3.1490 | Acc@1: 0.4375 | Acc@5: 0.7109 | Acc@10: 0.7812
Epoch 16 | Batch 40/58 | Loss: 3.1259 | Acc@1: 0.3828 | Acc@5: 0.7188 | Acc@10: 0.7734
Epoch 16 | Batch 50/58 | Loss: 3.0710 | Acc@1: 0.3984 | Acc@5: 0.7344 | Acc@10: 0.7812

Validation Results:
  Loss: 4.0603
  Acc@1: 0.3608 (36.08%)
  Acc@5: 0.6182 (61.82%)
  Acc@10: 0.6612 (66.12%)


Test Results:
  Loss: 4.6139
  Acc@1: 0.3184 (31.84%)
  Acc@5: 0.5564 (55.64%)
  Acc@10: 0.5866 (58.66%)

Epoch 16 Summary:
  Train - Loss: 3.1922 | Acc@1: 0.3689
  Val   - Loss: 4.0603 | Acc@1: 0.3608
  Test  - Loss: 4.6139 | Acc@1: 0.3184
  Time: 9.13s | LR: 0.000300
  Saved checkpoint: checkpoints/location_hrm_final_epoch16.pt
  ✅ New best validation accuracy! Saved to checkpoints/location_hrm_final_best_val.pt
  ✅ New best test accuracy! Saved to checkpoints/location_hrm_final_best_test.pt

============================================================
Epoch 17/250
============================================================
Epoch 17 | Batch 10/58 | Loss: 3.1914 | Acc@1: 0.3828 | Acc@5: 0.7109 | Acc@10: 0.7812
Epoch 17 | Batch 20/58 | Loss: 2.9716 | Acc@1: 0.4219 | Acc@5: 0.7578 | Acc@10: 0.7969
Epoch 17 | Batch 30/58 | Loss: 3.4093 | Acc@1: 0.3359 | Acc@5: 0.6875 | Acc@10: 0.7344
Epoch 17 | Batch 40/58 | Loss: 3.1506 | Acc@1: 0.3672 | Acc@5: 0.7109 | Acc@10: 0.7734
Epoch 17 | Batch 50/58 | Loss: 3.2251 | Acc@1: 0.3828 | Acc@5: 0.7031 | Acc@10: 0.7656

Validation Results:
  Loss: 4.0960
  Acc@1: 0.3600 (36.00%)
  Acc@5: 0.6206 (62.06%)
  Acc@10: 0.6538 (65.38%)


Test Results:
  Loss: 4.6582
  Acc@1: 0.3039 (30.39%)
  Acc@5: 0.5506 (55.06%)
  Acc@10: 0.6020 (60.20%)

Epoch 17 Summary:
  Train - Loss: 3.1258 | Acc@1: 0.3906
  Val   - Loss: 4.0960 | Acc@1: 0.3600
  Test  - Loss: 4.6582 | Acc@1: 0.3039
  Time: 9.21s | LR: 0.000300

============================================================
Epoch 18/250
============================================================
Epoch 18 | Batch 10/58 | Loss: 3.0832 | Acc@1: 0.3516 | Acc@5: 0.7188 | Acc@10: 0.7734
Epoch 18 | Batch 20/58 | Loss: 2.8810 | Acc@1: 0.4453 | Acc@5: 0.7656 | Acc@10: 0.7812
Epoch 18 | Batch 30/58 | Loss: 3.3043 | Acc@1: 0.3516 | Acc@5: 0.6797 | Acc@10: 0.7500
Epoch 18 | Batch 40/58 | Loss: 3.0742 | Acc@1: 0.4141 | Acc@5: 0.7266 | Acc@10: 0.7891
Epoch 18 | Batch 50/58 | Loss: 3.4023 | Acc@1: 0.3438 | Acc@5: 0.6719 | Acc@10: 0.7344

Validation Results:
  Loss: 4.0351
  Acc@1: 0.3739 (37.39%)
  Acc@5: 0.6264 (62.64%)
  Acc@10: 0.6606 (66.06%)


Test Results:
  Loss: 4.6387
  Acc@1: 0.3113 (31.13%)
  Acc@5: 0.5490 (54.90%)
  Acc@10: 0.5848 (58.48%)

Epoch 18 Summary:
  Train - Loss: 3.0633 | Acc@1: 0.3941
  Val   - Loss: 4.0351 | Acc@1: 0.3739
  Test  - Loss: 4.6387 | Acc@1: 0.3113
  Time: 9.17s | LR: 0.000300
  Saved checkpoint: checkpoints/location_hrm_final_epoch18.pt
  ✅ New best validation accuracy! Saved to checkpoints/location_hrm_final_best_val.pt

============================================================
Epoch 19/250
============================================================
Epoch 19 | Batch 10/58 | Loss: 2.8990 | Acc@1: 0.4922 | Acc@5: 0.7266 | Acc@10: 0.7812
Epoch 19 | Batch 20/58 | Loss: 3.1203 | Acc@1: 0.3359 | Acc@5: 0.7266 | Acc@10: 0.7812
Epoch 19 | Batch 30/58 | Loss: 3.2025 | Acc@1: 0.3750 | Acc@5: 0.6875 | Acc@10: 0.7500
Epoch 19 | Batch 40/58 | Loss: 3.1214 | Acc@1: 0.3672 | Acc@5: 0.6641 | Acc@10: 0.7578
Epoch 19 | Batch 50/58 | Loss: 2.9927 | Acc@1: 0.4141 | Acc@5: 0.7578 | Acc@10: 0.8125

Validation Results:
  Loss: 4.0764
  Acc@1: 0.3730 (37.30%)
  Acc@5: 0.6304 (63.04%)
  Acc@10: 0.6629 (66.29%)


Test Results:
  Loss: 4.7165
  Acc@1: 0.3092 (30.92%)
  Acc@5: 0.5484 (54.84%)
  Acc@10: 0.5799 (57.99%)

Epoch 19 Summary:
  Train - Loss: 2.9967 | Acc@1: 0.4081
  Val   - Loss: 4.0764 | Acc@1: 0.3730
  Test  - Loss: 4.7165 | Acc@1: 0.3092
  Time: 9.08s | LR: 0.000300

============================================================
Epoch 20/250
============================================================
Epoch 20 | Batch 10/58 | Loss: 2.8514 | Acc@1: 0.3750 | Acc@5: 0.7812 | Acc@10: 0.8281
Epoch 20 | Batch 20/58 | Loss: 3.0357 | Acc@1: 0.4688 | Acc@5: 0.7031 | Acc@10: 0.7422
Epoch 20 | Batch 30/58 | Loss: 3.1238 | Acc@1: 0.4062 | Acc@5: 0.6953 | Acc@10: 0.7812
Epoch 20 | Batch 40/58 | Loss: 2.9116 | Acc@1: 0.4453 | Acc@5: 0.7266 | Acc@10: 0.8203
Epoch 20 | Batch 50/58 | Loss: 3.0232 | Acc@1: 0.4062 | Acc@5: 0.7109 | Acc@10: 0.8047

Validation Results:
  Loss: 4.0411
  Acc@1: 0.3727 (37.27%)
  Acc@5: 0.6252 (62.52%)
  Acc@10: 0.6576 (65.76%)


Test Results:
  Loss: 4.6080
  Acc@1: 0.3220 (32.20%)
  Acc@5: 0.5567 (55.67%)
  Acc@10: 0.5971 (59.71%)

Epoch 20 Summary:
  Train - Loss: 2.9382 | Acc@1: 0.4236
  Val   - Loss: 4.0411 | Acc@1: 0.3727
  Test  - Loss: 4.6080 | Acc@1: 0.3220
  Time: 9.22s | LR: 0.000300
  Saved checkpoint: checkpoints/location_hrm_final_epoch20.pt
  ✅ New best test accuracy! Saved to checkpoints/location_hrm_final_best_test.pt

============================================================
Epoch 21/250
============================================================
Epoch 21 | Batch 10/58 | Loss: 2.8791 | Acc@1: 0.4453 | Acc@5: 0.7422 | Acc@10: 0.8281
Epoch 21 | Batch 20/58 | Loss: 2.9112 | Acc@1: 0.3594 | Acc@5: 0.7500 | Acc@10: 0.8281
Epoch 21 | Batch 30/58 | Loss: 2.8461 | Acc@1: 0.4531 | Acc@5: 0.7422 | Acc@10: 0.7812
Epoch 21 | Batch 40/58 | Loss: 3.0275 | Acc@1: 0.3984 | Acc@5: 0.7188 | Acc@10: 0.7656
Epoch 21 | Batch 50/58 | Loss: 2.6655 | Acc@1: 0.5312 | Acc@5: 0.7500 | Acc@10: 0.8438

Validation Results:
  Loss: 4.0616
  Acc@1: 0.3848 (38.48%)
  Acc@5: 0.6288 (62.88%)
  Acc@10: 0.6589 (65.89%)


Test Results:
  Loss: 4.7207
  Acc@1: 0.3080 (30.80%)
  Acc@5: 0.5415 (54.15%)
  Acc@10: 0.5770 (57.70%)

Epoch 21 Summary:
  Train - Loss: 2.8742 | Acc@1: 0.4397
  Val   - Loss: 4.0616 | Acc@1: 0.3848
  Test  - Loss: 4.7207 | Acc@1: 0.3080
  Time: 10.60s | LR: 0.000300
  Saved checkpoint: checkpoints/location_hrm_final_epoch21.pt
  ✅ New best validation accuracy! Saved to checkpoints/location_hrm_final_best_val.pt

============================================================
Epoch 22/250
============================================================
Epoch 22 | Batch 10/58 | Loss: 2.3471 | Acc@1: 0.5469 | Acc@5: 0.8516 | Acc@10: 0.9141
Epoch 22 | Batch 20/58 | Loss: 2.7747 | Acc@1: 0.5000 | Acc@5: 0.7422 | Acc@10: 0.8203
Epoch 22 | Batch 30/58 | Loss: 2.8135 | Acc@1: 0.4297 | Acc@5: 0.7578 | Acc@10: 0.8594
Epoch 22 | Batch 40/58 | Loss: 2.8974 | Acc@1: 0.4297 | Acc@5: 0.7500 | Acc@10: 0.8125
Epoch 22 | Batch 50/58 | Loss: 2.8608 | Acc@1: 0.3984 | Acc@5: 0.7812 | Acc@10: 0.8203

Validation Results:
  Loss: 4.0779
  Acc@1: 0.3904 (39.04%)
  Acc@5: 0.6210 (62.10%)
  Acc@10: 0.6612 (66.12%)


Test Results:
  Loss: 4.6766
  Acc@1: 0.3139 (31.39%)
  Acc@5: 0.5484 (54.84%)
  Acc@10: 0.5798 (57.98%)

Epoch 22 Summary:
  Train - Loss: 2.8236 | Acc@1: 0.4543
  Val   - Loss: 4.0779 | Acc@1: 0.3904
  Test  - Loss: 4.6766 | Acc@1: 0.3139
  Time: 9.16s | LR: 0.000299
  Saved checkpoint: checkpoints/location_hrm_final_epoch22.pt
  ✅ New best validation accuracy! Saved to checkpoints/location_hrm_final_best_val.pt

============================================================
Epoch 23/250
============================================================
Epoch 23 | Batch 10/58 | Loss: 2.7838 | Acc@1: 0.4297 | Acc@5: 0.7422 | Acc@10: 0.8438
Epoch 23 | Batch 20/58 | Loss: 3.0948 | Acc@1: 0.4219 | Acc@5: 0.6875 | Acc@10: 0.7812
Epoch 23 | Batch 30/58 | Loss: 2.7721 | Acc@1: 0.4453 | Acc@5: 0.7266 | Acc@10: 0.8125
Epoch 23 | Batch 40/58 | Loss: 2.7646 | Acc@1: 0.4531 | Acc@5: 0.7578 | Acc@10: 0.8438
Epoch 23 | Batch 50/58 | Loss: 2.6879 | Acc@1: 0.4297 | Acc@5: 0.7812 | Acc@10: 0.8359

Validation Results:
  Loss: 4.0497
  Acc@1: 0.3951 (39.51%)
  Acc@5: 0.6229 (62.29%)
  Acc@10: 0.6594 (65.94%)


Test Results:
  Loss: 4.6749
  Acc@1: 0.3194 (31.94%)
  Acc@5: 0.5407 (54.07%)
  Acc@10: 0.5741 (57.41%)

Epoch 23 Summary:
  Train - Loss: 2.7666 | Acc@1: 0.4600
  Val   - Loss: 4.0497 | Acc@1: 0.3951
  Test  - Loss: 4.6749 | Acc@1: 0.3194
  Time: 9.68s | LR: 0.000299
  Saved checkpoint: checkpoints/location_hrm_final_epoch23.pt
  ✅ New best validation accuracy! Saved to checkpoints/location_hrm_final_best_val.pt

============================================================
Epoch 24/250
============================================================
Epoch 24 | Batch 10/58 | Loss: 2.4993 | Acc@1: 0.5391 | Acc@5: 0.7734 | Acc@10: 0.8672
Epoch 24 | Batch 20/58 | Loss: 2.5940 | Acc@1: 0.5000 | Acc@5: 0.8047 | Acc@10: 0.8359
Epoch 24 | Batch 30/58 | Loss: 2.8658 | Acc@1: 0.4688 | Acc@5: 0.7500 | Acc@10: 0.7969
Epoch 24 | Batch 40/58 | Loss: 2.7916 | Acc@1: 0.4922 | Acc@5: 0.7266 | Acc@10: 0.8203
Epoch 24 | Batch 50/58 | Loss: 2.9246 | Acc@1: 0.5312 | Acc@5: 0.7031 | Acc@10: 0.7734

Validation Results:
  Loss: 4.0996
  Acc@1: 0.3849 (38.49%)
  Acc@5: 0.6191 (61.91%)
  Acc@10: 0.6509 (65.09%)


Test Results:
  Loss: 4.6437
  Acc@1: 0.3154 (31.54%)
  Acc@5: 0.5583 (55.83%)
  Acc@10: 0.5916 (59.16%)

Epoch 24 Summary:
  Train - Loss: 2.7055 | Acc@1: 0.4763
  Val   - Loss: 4.0996 | Acc@1: 0.3849
  Test  - Loss: 4.6437 | Acc@1: 0.3154
  Time: 10.19s | LR: 0.000299

============================================================
Epoch 25/250
============================================================
Epoch 25 | Batch 10/58 | Loss: 2.6626 | Acc@1: 0.5312 | Acc@5: 0.7500 | Acc@10: 0.8281
Epoch 25 | Batch 20/58 | Loss: 2.4920 | Acc@1: 0.5156 | Acc@5: 0.8125 | Acc@10: 0.8516
Epoch 25 | Batch 30/58 | Loss: 2.7371 | Acc@1: 0.4531 | Acc@5: 0.7656 | Acc@10: 0.8281
Epoch 25 | Batch 40/58 | Loss: 2.5825 | Acc@1: 0.5312 | Acc@5: 0.7578 | Acc@10: 0.8516
Epoch 25 | Batch 50/58 | Loss: 2.7604 | Acc@1: 0.4297 | Acc@5: 0.7578 | Acc@10: 0.8359

Validation Results:
  Loss: 4.1010
  Acc@1: 0.3856 (38.56%)
  Acc@5: 0.6081 (60.81%)
  Acc@10: 0.6484 (64.84%)


Test Results:
  Loss: 4.7558
  Acc@1: 0.3053 (30.53%)
  Acc@5: 0.5292 (52.92%)
  Acc@10: 0.5691 (56.91%)

Epoch 25 Summary:
  Train - Loss: 2.6736 | Acc@1: 0.4805
  Val   - Loss: 4.1010 | Acc@1: 0.3856
  Test  - Loss: 4.7558 | Acc@1: 0.3053
  Time: 9.24s | LR: 0.000299

============================================================
Epoch 26/250
============================================================
Epoch 26 | Batch 10/58 | Loss: 2.4144 | Acc@1: 0.4844 | Acc@5: 0.8594 | Acc@10: 0.8984
Epoch 26 | Batch 20/58 | Loss: 2.4930 | Acc@1: 0.5391 | Acc@5: 0.8203 | Acc@10: 0.8516
Epoch 26 | Batch 30/58 | Loss: 2.5804 | Acc@1: 0.5234 | Acc@5: 0.7891 | Acc@10: 0.8516
Epoch 26 | Batch 40/58 | Loss: 2.7223 | Acc@1: 0.4922 | Acc@5: 0.7422 | Acc@10: 0.8281
Epoch 26 | Batch 50/58 | Loss: 2.7482 | Acc@1: 0.4688 | Acc@5: 0.7188 | Acc@10: 0.8516

Validation Results:
  Loss: 3.9788
  Acc@1: 0.4319 (43.19%)
  Acc@5: 0.6130 (61.30%)
  Acc@10: 0.6554 (65.54%)


Test Results:
  Loss: 4.6808
  Acc@1: 0.3302 (33.02%)
  Acc@5: 0.5352 (53.52%)
  Acc@10: 0.5668 (56.68%)

Epoch 26 Summary:
  Train - Loss: 2.6259 | Acc@1: 0.4915
  Val   - Loss: 3.9788 | Acc@1: 0.4319
  Test  - Loss: 4.6808 | Acc@1: 0.3302
  Time: 11.14s | LR: 0.000298
  Saved checkpoint: checkpoints/location_hrm_final_epoch26.pt
  ✅ New best validation accuracy! Saved to checkpoints/location_hrm_final_best_val.pt
  ✅ New best test accuracy! Saved to checkpoints/location_hrm_final_best_test.pt

============================================================
Epoch 27/250
============================================================
Epoch 27 | Batch 10/58 | Loss: 2.7352 | Acc@1: 0.5078 | Acc@5: 0.7344 | Acc@10: 0.8125
Epoch 27 | Batch 20/58 | Loss: 2.5594 | Acc@1: 0.5391 | Acc@5: 0.8203 | Acc@10: 0.8672
Epoch 27 | Batch 30/58 | Loss: 2.5686 | Acc@1: 0.5156 | Acc@5: 0.7891 | Acc@10: 0.8750
Epoch 27 | Batch 40/58 | Loss: 2.4649 | Acc@1: 0.5156 | Acc@5: 0.7969 | Acc@10: 0.9062
Epoch 27 | Batch 50/58 | Loss: 2.4564 | Acc@1: 0.5469 | Acc@5: 0.7734 | Acc@10: 0.8594

Validation Results:
  Loss: 4.0970
  Acc@1: 0.3776 (37.76%)
  Acc@5: 0.6046 (60.46%)
  Acc@10: 0.6575 (65.75%)


Test Results:
  Loss: 4.7617
  Acc@1: 0.2966 (29.66%)
  Acc@5: 0.5344 (53.44%)
  Acc@10: 0.5791 (57.91%)

Epoch 27 Summary:
  Train - Loss: 2.5710 | Acc@1: 0.5088
  Val   - Loss: 4.0970 | Acc@1: 0.3776
  Test  - Loss: 4.7617 | Acc@1: 0.2966
  Time: 15.33s | LR: 0.000298

============================================================
Epoch 28/250
============================================================
Epoch 28 | Batch 10/58 | Loss: 2.2598 | Acc@1: 0.6094 | Acc@5: 0.8359 | Acc@10: 0.8906
Epoch 28 | Batch 20/58 | Loss: 2.6177 | Acc@1: 0.4766 | Acc@5: 0.8203 | Acc@10: 0.8594
Epoch 28 | Batch 30/58 | Loss: 2.5495 | Acc@1: 0.4688 | Acc@5: 0.8125 | Acc@10: 0.8828
Epoch 28 | Batch 40/58 | Loss: 2.7587 | Acc@1: 0.5078 | Acc@5: 0.7578 | Acc@10: 0.8125
Epoch 28 | Batch 50/58 | Loss: 2.7833 | Acc@1: 0.4297 | Acc@5: 0.7734 | Acc@10: 0.8281

Validation Results:
  Loss: 3.9901
  Acc@1: 0.4234 (42.34%)
  Acc@5: 0.6136 (61.36%)
  Acc@10: 0.6492 (64.92%)


Test Results:
  Loss: 4.6450
  Acc@1: 0.3446 (34.46%)
  Acc@5: 0.5361 (53.61%)
  Acc@10: 0.5678 (56.78%)

Epoch 28 Summary:
  Train - Loss: 2.5287 | Acc@1: 0.5123
  Val   - Loss: 3.9901 | Acc@1: 0.4234
  Test  - Loss: 4.6450 | Acc@1: 0.3446
  Time: 14.87s | LR: 0.000298
  ✅ New best test accuracy! Saved to checkpoints/location_hrm_final_best_test.pt

============================================================
Epoch 29/250
============================================================
Epoch 29 | Batch 10/58 | Loss: 2.6974 | Acc@1: 0.4922 | Acc@5: 0.7500 | Acc@10: 0.8281
Epoch 29 | Batch 20/58 | Loss: 2.3439 | Acc@1: 0.5312 | Acc@5: 0.8359 | Acc@10: 0.8984
Epoch 29 | Batch 30/58 | Loss: 3.0661 | Acc@1: 0.4141 | Acc@5: 0.6875 | Acc@10: 0.8125
Epoch 29 | Batch 40/58 | Loss: 2.6898 | Acc@1: 0.4922 | Acc@5: 0.7812 | Acc@10: 0.8438
Epoch 29 | Batch 50/58 | Loss: 2.5547 | Acc@1: 0.5234 | Acc@5: 0.7344 | Acc@10: 0.8438

Validation Results:
  Loss: 4.0393
  Acc@1: 0.4246 (42.46%)
  Acc@5: 0.6041 (60.41%)
  Acc@10: 0.6388 (63.88%)


Test Results:
  Loss: 4.6782
  Acc@1: 0.3472 (34.72%)
  Acc@5: 0.5260 (52.60%)
  Acc@10: 0.5597 (55.97%)

Epoch 29 Summary:
  Train - Loss: 2.4824 | Acc@1: 0.5255
  Val   - Loss: 4.0393 | Acc@1: 0.4246
  Test  - Loss: 4.6782 | Acc@1: 0.3472
  Time: 15.39s | LR: 0.000297
  ✅ New best test accuracy! Saved to checkpoints/location_hrm_final_best_test.pt

============================================================
Epoch 30/250
============================================================
Epoch 30 | Batch 10/58 | Loss: 2.3674 | Acc@1: 0.5391 | Acc@5: 0.8281 | Acc@10: 0.8984
Epoch 30 | Batch 20/58 | Loss: 2.5168 | Acc@1: 0.5000 | Acc@5: 0.8125 | Acc@10: 0.8906
Epoch 30 | Batch 30/58 | Loss: 2.5261 | Acc@1: 0.4922 | Acc@5: 0.7812 | Acc@10: 0.8594
Epoch 30 | Batch 40/58 | Loss: 2.5472 | Acc@1: 0.5078 | Acc@5: 0.7891 | Acc@10: 0.8672
Epoch 30 | Batch 50/58 | Loss: 2.2545 | Acc@1: 0.5859 | Acc@5: 0.8281 | Acc@10: 0.9062

Validation Results:
  Loss: 4.0086
  Acc@1: 0.4094 (40.94%)
  Acc@5: 0.6238 (62.38%)
  Acc@10: 0.6589 (65.89%)


Test Results:
  Loss: 4.6014
  Acc@1: 0.3369 (33.69%)
  Acc@5: 0.5553 (55.53%)
  Acc@10: 0.5825 (58.25%)

Epoch 30 Summary:
  Train - Loss: 2.4475 | Acc@1: 0.5277
  Val   - Loss: 4.0086 | Acc@1: 0.4094
  Test  - Loss: 4.6014 | Acc@1: 0.3369
  Time: 14.91s | LR: 0.000297
  Saved checkpoint: checkpoints/location_hrm_final_epoch30.pt

============================================================
Epoch 31/250
============================================================
Epoch 31 | Batch 10/58 | Loss: 2.4000 | Acc@1: 0.5781 | Acc@5: 0.8125 | Acc@10: 0.8984
Epoch 31 | Batch 20/58 | Loss: 2.6172 | Acc@1: 0.4453 | Acc@5: 0.7969 | Acc@10: 0.8516
Epoch 31 | Batch 30/58 | Loss: 2.5420 | Acc@1: 0.5000 | Acc@5: 0.7656 | Acc@10: 0.8516
Epoch 31 | Batch 40/58 | Loss: 2.5681 | Acc@1: 0.5469 | Acc@5: 0.7422 | Acc@10: 0.8594
Epoch 31 | Batch 50/58 | Loss: 2.4681 | Acc@1: 0.5078 | Acc@5: 0.7969 | Acc@10: 0.9219

Validation Results:
  Loss: 4.0420
  Acc@1: 0.4092 (40.92%)
  Acc@5: 0.5997 (59.97%)
  Acc@10: 0.6414 (64.14%)


Test Results:
  Loss: 4.6662
  Acc@1: 0.3464 (34.64%)
  Acc@5: 0.5240 (52.40%)
  Acc@10: 0.5607 (56.07%)

Epoch 31 Summary:
  Train - Loss: 2.4023 | Acc@1: 0.5400
  Val   - Loss: 4.0420 | Acc@1: 0.4092
  Test  - Loss: 4.6662 | Acc@1: 0.3464
  Time: 15.26s | LR: 0.000297

============================================================
Epoch 32/250
============================================================
Epoch 32 | Batch 10/58 | Loss: 2.5028 | Acc@1: 0.4922 | Acc@5: 0.8359 | Acc@10: 0.8828
Epoch 32 | Batch 20/58 | Loss: 2.2239 | Acc@1: 0.5859 | Acc@5: 0.8438 | Acc@10: 0.8906
Epoch 32 | Batch 30/58 | Loss: 2.6436 | Acc@1: 0.4766 | Acc@5: 0.7891 | Acc@10: 0.8516
Epoch 32 | Batch 40/58 | Loss: 2.1524 | Acc@1: 0.5859 | Acc@5: 0.8828 | Acc@10: 0.9141
Epoch 32 | Batch 50/58 | Loss: 2.4776 | Acc@1: 0.5000 | Acc@5: 0.7969 | Acc@10: 0.8750

Validation Results:
  Loss: 4.0507
  Acc@1: 0.3867 (38.67%)
  Acc@5: 0.6096 (60.96%)
  Acc@10: 0.6647 (66.47%)


Test Results:
  Loss: 4.7381
  Acc@1: 0.3059 (30.59%)
  Acc@5: 0.5364 (53.64%)
  Acc@10: 0.5757 (57.57%)

Epoch 32 Summary:
  Train - Loss: 2.3590 | Acc@1: 0.5473
  Val   - Loss: 4.0507 | Acc@1: 0.3867
  Test  - Loss: 4.7381 | Acc@1: 0.3059
  Time: 15.36s | LR: 0.000296

============================================================
Epoch 33/250
============================================================
Epoch 33 | Batch 10/58 | Loss: 2.1559 | Acc@1: 0.5547 | Acc@5: 0.8828 | Acc@10: 0.8984
Epoch 33 | Batch 20/58 | Loss: 2.3792 | Acc@1: 0.5547 | Acc@5: 0.7734 | Acc@10: 0.8828
Epoch 33 | Batch 30/58 | Loss: 2.4401 | Acc@1: 0.5781 | Acc@5: 0.7891 | Acc@10: 0.8828
Epoch 33 | Batch 40/58 | Loss: 2.4498 | Acc@1: 0.5234 | Acc@5: 0.8125 | Acc@10: 0.8828
Epoch 33 | Batch 50/58 | Loss: 2.6228 | Acc@1: 0.4375 | Acc@5: 0.7891 | Acc@10: 0.8516

Validation Results:
  Loss: 4.1005
  Acc@1: 0.4043 (40.43%)
  Acc@5: 0.6029 (60.29%)
  Acc@10: 0.6458 (64.58%)


Test Results:
  Loss: 4.7129
  Acc@1: 0.3211 (32.11%)
  Acc@5: 0.5314 (53.14%)
  Acc@10: 0.5665 (56.65%)

Epoch 33 Summary:
  Train - Loss: 2.3341 | Acc@1: 0.5505
  Val   - Loss: 4.1005 | Acc@1: 0.4043
  Test  - Loss: 4.7129 | Acc@1: 0.3211
  Time: 15.03s | LR: 0.000296

============================================================
Epoch 34/250
============================================================
Epoch 34 | Batch 10/58 | Loss: 2.2192 | Acc@1: 0.5703 | Acc@5: 0.8828 | Acc@10: 0.9219
Epoch 34 | Batch 20/58 | Loss: 2.0012 | Acc@1: 0.6562 | Acc@5: 0.8984 | Acc@10: 0.9453
Epoch 34 | Batch 30/58 | Loss: 2.1019 | Acc@1: 0.6172 | Acc@5: 0.8438 | Acc@10: 0.9297
Epoch 34 | Batch 40/58 | Loss: 2.3243 | Acc@1: 0.5469 | Acc@5: 0.8516 | Acc@10: 0.9531
Epoch 34 | Batch 50/58 | Loss: 2.2869 | Acc@1: 0.5625 | Acc@5: 0.8359 | Acc@10: 0.8828

Validation Results:
  Loss: 4.0563
  Acc@1: 0.4040 (40.40%)
  Acc@5: 0.5993 (59.93%)
  Acc@10: 0.6446 (64.46%)


Test Results:
  Loss: 4.7368
  Acc@1: 0.3275 (32.75%)
  Acc@5: 0.5323 (53.23%)
  Acc@10: 0.5682 (56.82%)

Epoch 34 Summary:
  Train - Loss: 2.2685 | Acc@1: 0.5648
  Val   - Loss: 4.0563 | Acc@1: 0.4040
  Test  - Loss: 4.7368 | Acc@1: 0.3275
  Time: 15.56s | LR: 0.000295

============================================================
Epoch 35/250
============================================================
Epoch 35 | Batch 10/58 | Loss: 1.9284 | Acc@1: 0.6562 | Acc@5: 0.8984 | Acc@10: 0.9297
Epoch 35 | Batch 20/58 | Loss: 2.4595 | Acc@1: 0.5312 | Acc@5: 0.8125 | Acc@10: 0.8906
Epoch 35 | Batch 30/58 | Loss: 2.2961 | Acc@1: 0.5469 | Acc@5: 0.8281 | Acc@10: 0.9297
Epoch 35 | Batch 40/58 | Loss: 2.0313 | Acc@1: 0.6484 | Acc@5: 0.8750 | Acc@10: 0.9453
Epoch 35 | Batch 50/58 | Loss: 2.2828 | Acc@1: 0.5859 | Acc@5: 0.8281 | Acc@10: 0.9297

Validation Results:
  Loss: 4.0498
  Acc@1: 0.3984 (39.84%)
  Acc@5: 0.5950 (59.50%)
  Acc@10: 0.6484 (64.84%)


Test Results:
  Loss: 4.7131
  Acc@1: 0.3327 (33.27%)
  Acc@5: 0.5290 (52.90%)
  Acc@10: 0.5643 (56.43%)

Epoch 35 Summary:
  Train - Loss: 2.2371 | Acc@1: 0.5679
  Val   - Loss: 4.0498 | Acc@1: 0.3984
  Test  - Loss: 4.7131 | Acc@1: 0.3327
  Time: 14.86s | LR: 0.000295

============================================================
Epoch 36/250
============================================================
Epoch 36 | Batch 10/58 | Loss: 1.9875 | Acc@1: 0.6250 | Acc@5: 0.8906 | Acc@10: 0.9688
Epoch 36 | Batch 20/58 | Loss: 2.1759 | Acc@1: 0.5703 | Acc@5: 0.8672 | Acc@10: 0.9297
Epoch 36 | Batch 30/58 | Loss: 2.1572 | Acc@1: 0.5547 | Acc@5: 0.8438 | Acc@10: 0.9297
Epoch 36 | Batch 40/58 | Loss: 2.2592 | Acc@1: 0.5547 | Acc@5: 0.8203 | Acc@10: 0.8984
Epoch 36 | Batch 50/58 | Loss: 2.2258 | Acc@1: 0.5469 | Acc@5: 0.8203 | Acc@10: 0.8906

Validation Results:
  Loss: 4.0876
  Acc@1: 0.4069 (40.69%)
  Acc@5: 0.5890 (58.90%)
  Acc@10: 0.6345 (63.45%)


Test Results:
  Loss: 4.7774
  Acc@1: 0.3185 (31.85%)
  Acc@5: 0.4937 (49.37%)
  Acc@10: 0.5400 (54.00%)

Epoch 36 Summary:
  Train - Loss: 2.1990 | Acc@1: 0.5722
  Val   - Loss: 4.0876 | Acc@1: 0.4069
  Test  - Loss: 4.7774 | Acc@1: 0.3185
  Time: 15.72s | LR: 0.000294

============================================================
Epoch 37/250
============================================================
Epoch 37 | Batch 10/58 | Loss: 2.1247 | Acc@1: 0.5703 | Acc@5: 0.8750 | Acc@10: 0.9375
Epoch 37 | Batch 20/58 | Loss: 2.0697 | Acc@1: 0.6328 | Acc@5: 0.8594 | Acc@10: 0.9375
Epoch 37 | Batch 30/58 | Loss: 2.2893 | Acc@1: 0.5469 | Acc@5: 0.8594 | Acc@10: 0.9531
Epoch 37 | Batch 40/58 | Loss: 2.2050 | Acc@1: 0.5703 | Acc@5: 0.8516 | Acc@10: 0.9453
Epoch 37 | Batch 50/58 | Loss: 2.2808 | Acc@1: 0.5156 | Acc@5: 0.8516 | Acc@10: 0.9141

Validation Results:
  Loss: 4.0600
  Acc@1: 0.4133 (41.33%)
  Acc@5: 0.5954 (59.54%)
  Acc@10: 0.6362 (63.62%)


Test Results:
  Loss: 4.7088
  Acc@1: 0.3298 (32.98%)
  Acc@5: 0.5240 (52.40%)
  Acc@10: 0.5583 (55.83%)

Epoch 37 Summary:
  Train - Loss: 2.1564 | Acc@1: 0.5814
  Val   - Loss: 4.0600 | Acc@1: 0.4133
  Test  - Loss: 4.7088 | Acc@1: 0.3298
  Time: 10.05s | LR: 0.000294

============================================================
Epoch 38/250
============================================================
Epoch 38 | Batch 10/58 | Loss: 2.2232 | Acc@1: 0.5938 | Acc@5: 0.8438 | Acc@10: 0.9219
Epoch 38 | Batch 20/58 | Loss: 2.0040 | Acc@1: 0.6562 | Acc@5: 0.8281 | Acc@10: 0.9297
Epoch 38 | Batch 30/58 | Loss: 1.9374 | Acc@1: 0.6094 | Acc@5: 0.9219 | Acc@10: 0.9766
Epoch 38 | Batch 40/58 | Loss: 2.0603 | Acc@1: 0.6016 | Acc@5: 0.8828 | Acc@10: 0.9219
Epoch 38 | Batch 50/58 | Loss: 2.1375 | Acc@1: 0.5703 | Acc@5: 0.8672 | Acc@10: 0.9297

Validation Results:
  Loss: 4.0812
  Acc@1: 0.4092 (40.92%)
  Acc@5: 0.5971 (59.71%)
  Acc@10: 0.6372 (63.72%)


Test Results:
  Loss: 4.8028
  Acc@1: 0.3254 (32.54%)
  Acc@5: 0.5210 (52.10%)
  Acc@10: 0.5494 (54.94%)

Epoch 38 Summary:
  Train - Loss: 2.1115 | Acc@1: 0.5978
  Val   - Loss: 4.0812 | Acc@1: 0.4092
  Test  - Loss: 4.8028 | Acc@1: 0.3254
  Time: 9.18s | LR: 0.000293

============================================================
Epoch 39/250
============================================================
Epoch 39 | Batch 10/58 | Loss: 2.0060 | Acc@1: 0.6094 | Acc@5: 0.8984 | Acc@10: 0.9453
Epoch 39 | Batch 20/58 | Loss: 2.2640 | Acc@1: 0.5703 | Acc@5: 0.8125 | Acc@10: 0.9141
Epoch 39 | Batch 30/58 | Loss: 2.1397 | Acc@1: 0.5625 | Acc@5: 0.9141 | Acc@10: 0.9609
Epoch 39 | Batch 40/58 | Loss: 1.9550 | Acc@1: 0.6406 | Acc@5: 0.8906 | Acc@10: 0.9531
Epoch 39 | Batch 50/58 | Loss: 1.9841 | Acc@1: 0.6484 | Acc@5: 0.8750 | Acc@10: 0.9609

Validation Results:
  Loss: 4.1841
  Acc@1: 0.3961 (39.61%)
  Acc@5: 0.5847 (58.47%)
  Acc@10: 0.6237 (62.37%)


Test Results:
  Loss: 4.8536
  Acc@1: 0.3193 (31.93%)
  Acc@5: 0.5098 (50.98%)
  Acc@10: 0.5473 (54.73%)

Epoch 39 Summary:
  Train - Loss: 2.0783 | Acc@1: 0.5997
  Val   - Loss: 4.1841 | Acc@1: 0.3961
  Test  - Loss: 4.8536 | Acc@1: 0.3193
  Time: 9.26s | LR: 0.000292

============================================================
Epoch 40/250
============================================================
Epoch 40 | Batch 10/58 | Loss: 1.9127 | Acc@1: 0.6641 | Acc@5: 0.9062 | Acc@10: 0.9531
Epoch 40 | Batch 20/58 | Loss: 2.2020 | Acc@1: 0.5547 | Acc@5: 0.8750 | Acc@10: 0.9141
Epoch 40 | Batch 30/58 | Loss: 2.2607 | Acc@1: 0.6016 | Acc@5: 0.8281 | Acc@10: 0.9062
Epoch 40 | Batch 40/58 | Loss: 1.9744 | Acc@1: 0.6328 | Acc@5: 0.8672 | Acc@10: 0.9453
Epoch 40 | Batch 50/58 | Loss: 2.3376 | Acc@1: 0.5234 | Acc@5: 0.8594 | Acc@10: 0.9453

Validation Results:
  Loss: 4.1453
  Acc@1: 0.3942 (39.42%)
  Acc@5: 0.5797 (57.97%)
  Acc@10: 0.6266 (62.66%)


Test Results:
  Loss: 4.7892
  Acc@1: 0.3247 (32.47%)
  Acc@5: 0.5126 (51.26%)
  Acc@10: 0.5508 (55.08%)

Epoch 40 Summary:
  Train - Loss: 2.0447 | Acc@1: 0.6021
  Val   - Loss: 4.1453 | Acc@1: 0.3942
  Test  - Loss: 4.7892 | Acc@1: 0.3247
  Time: 9.14s | LR: 0.000292
  Saved checkpoint: checkpoints/location_hrm_final_epoch40.pt

============================================================
Epoch 41/250
============================================================
Epoch 41 | Batch 10/58 | Loss: 1.8744 | Acc@1: 0.6094 | Acc@5: 0.9062 | Acc@10: 0.9453
Epoch 41 | Batch 20/58 | Loss: 1.9827 | Acc@1: 0.6016 | Acc@5: 0.9141 | Acc@10: 0.9609
Epoch 41 | Batch 30/58 | Loss: 1.8724 | Acc@1: 0.6562 | Acc@5: 0.8906 | Acc@10: 0.9375
Epoch 41 | Batch 40/58 | Loss: 1.9151 | Acc@1: 0.6172 | Acc@5: 0.9297 | Acc@10: 0.9766
Epoch 41 | Batch 50/58 | Loss: 1.9831 | Acc@1: 0.5781 | Acc@5: 0.9062 | Acc@10: 0.9609

Validation Results:
  Loss: 4.1843
  Acc@1: 0.3939 (39.39%)
  Acc@5: 0.5792 (57.92%)
  Acc@10: 0.6200 (62.00%)


Test Results:
  Loss: 4.9465
  Acc@1: 0.3120 (31.20%)
  Acc@5: 0.4928 (49.28%)
  Acc@10: 0.5373 (53.73%)

Epoch 41 Summary:
  Train - Loss: 2.0144 | Acc@1: 0.6105
  Val   - Loss: 4.1843 | Acc@1: 0.3939
  Test  - Loss: 4.9465 | Acc@1: 0.3120
  Time: 9.12s | LR: 0.000291

============================================================
Epoch 42/250
============================================================
Epoch 42 | Batch 10/58 | Loss: 1.8606 | Acc@1: 0.6562 | Acc@5: 0.9453 | Acc@10: 0.9766
Epoch 42 | Batch 20/58 | Loss: 2.1981 | Acc@1: 0.5703 | Acc@5: 0.8672 | Acc@10: 0.9375
Epoch 42 | Batch 30/58 | Loss: 1.8829 | Acc@1: 0.6094 | Acc@5: 0.9141 | Acc@10: 0.9609
Epoch 42 | Batch 40/58 | Loss: 2.0201 | Acc@1: 0.6016 | Acc@5: 0.8594 | Acc@10: 0.9531
Epoch 42 | Batch 50/58 | Loss: 2.1980 | Acc@1: 0.5703 | Acc@5: 0.8125 | Acc@10: 0.9297

Validation Results:
  Loss: 4.1616
  Acc@1: 0.4069 (40.69%)
  Acc@5: 0.5791 (57.91%)
  Acc@10: 0.6228 (62.28%)


Test Results:
  Loss: 4.8338
  Acc@1: 0.3101 (31.01%)
  Acc@5: 0.5069 (50.69%)
  Acc@10: 0.5485 (54.85%)

Epoch 42 Summary:
  Train - Loss: 1.9645 | Acc@1: 0.6235
  Val   - Loss: 4.1616 | Acc@1: 0.4069
  Test  - Loss: 4.8338 | Acc@1: 0.3101
  Time: 9.14s | LR: 0.000290

============================================================
Epoch 43/250
============================================================
Epoch 43 | Batch 10/58 | Loss: 1.8466 | Acc@1: 0.6641 | Acc@5: 0.8984 | Acc@10: 0.9453
Epoch 43 | Batch 20/58 | Loss: 1.8837 | Acc@1: 0.6172 | Acc@5: 0.9062 | Acc@10: 0.9453
Epoch 43 | Batch 30/58 | Loss: 1.7284 | Acc@1: 0.6484 | Acc@5: 0.9531 | Acc@10: 0.9688
Epoch 43 | Batch 40/58 | Loss: 2.0156 | Acc@1: 0.6328 | Acc@5: 0.8906 | Acc@10: 0.9375
Epoch 43 | Batch 50/58 | Loss: 2.0879 | Acc@1: 0.6016 | Acc@5: 0.8672 | Acc@10: 0.9375

Validation Results:
  Loss: 4.2436
  Acc@1: 0.3841 (38.41%)
  Acc@5: 0.5652 (56.52%)
  Acc@10: 0.6259 (62.59%)


Test Results:
  Loss: 4.8753
  Acc@1: 0.3143 (31.43%)
  Acc@5: 0.4930 (49.30%)
  Acc@10: 0.5381 (53.81%)

Epoch 43 Summary:
  Train - Loss: 1.9268 | Acc@1: 0.6358
  Val   - Loss: 4.2436 | Acc@1: 0.3841
  Test  - Loss: 4.8753 | Acc@1: 0.3143
  Time: 9.18s | LR: 0.000290

============================================================
Epoch 44/250
============================================================
Epoch 44 | Batch 10/58 | Loss: 1.9448 | Acc@1: 0.6641 | Acc@5: 0.8984 | Acc@10: 0.9844
Epoch 44 | Batch 20/58 | Loss: 1.8107 | Acc@1: 0.6797 | Acc@5: 0.9219 | Acc@10: 0.9609
Epoch 44 | Batch 30/58 | Loss: 1.7193 | Acc@1: 0.6875 | Acc@5: 0.9375 | Acc@10: 0.9844
Epoch 44 | Batch 40/58 | Loss: 1.7299 | Acc@1: 0.7344 | Acc@5: 0.9219 | Acc@10: 0.9609
Epoch 44 | Batch 50/58 | Loss: 2.0830 | Acc@1: 0.5859 | Acc@5: 0.8750 | Acc@10: 0.9375

Validation Results:
  Loss: 4.2735
  Acc@1: 0.3725 (37.25%)
  Acc@5: 0.5647 (56.47%)
  Acc@10: 0.6084 (60.84%)


Test Results:
  Loss: 4.9933
  Acc@1: 0.2880 (28.80%)
  Acc@5: 0.4688 (46.88%)
  Acc@10: 0.5184 (51.84%)

Epoch 44 Summary:
  Train - Loss: 1.8852 | Acc@1: 0.6459
  Val   - Loss: 4.2735 | Acc@1: 0.3725
  Test  - Loss: 4.9933 | Acc@1: 0.2880
  Time: 10.14s | LR: 0.000289

============================================================
Epoch 45/250
============================================================
Epoch 45 | Batch 10/58 | Loss: 1.6554 | Acc@1: 0.6797 | Acc@5: 0.9375 | Acc@10: 0.9844
Epoch 45 | Batch 20/58 | Loss: 1.9493 | Acc@1: 0.6406 | Acc@5: 0.9141 | Acc@10: 0.9531
Epoch 45 | Batch 30/58 | Loss: 1.6890 | Acc@1: 0.7031 | Acc@5: 0.9297 | Acc@10: 0.9688
Epoch 45 | Batch 40/58 | Loss: 2.1128 | Acc@1: 0.5859 | Acc@5: 0.8672 | Acc@10: 0.9297
Epoch 45 | Batch 50/58 | Loss: 1.6080 | Acc@1: 0.7031 | Acc@5: 0.9141 | Acc@10: 0.9844

Validation Results:
  Loss: 4.2408
  Acc@1: 0.3872 (38.72%)
  Acc@5: 0.5728 (57.28%)
  Acc@10: 0.6241 (62.41%)


Test Results:
  Loss: 4.9421
  Acc@1: 0.3102 (31.02%)
  Acc@5: 0.4925 (49.25%)
  Acc@10: 0.5327 (53.27%)

Epoch 45 Summary:
  Train - Loss: 1.8633 | Acc@1: 0.6432
  Val   - Loss: 4.2408 | Acc@1: 0.3872
  Test  - Loss: 4.9421 | Acc@1: 0.3102
  Time: 17.92s | LR: 0.000288

============================================================
Epoch 46/250
============================================================
Epoch 46 | Batch 10/58 | Loss: 1.8966 | Acc@1: 0.6562 | Acc@5: 0.8906 | Acc@10: 0.9688
Epoch 46 | Batch 20/58 | Loss: 1.7295 | Acc@1: 0.6719 | Acc@5: 0.9375 | Acc@10: 0.9844
Epoch 46 | Batch 30/58 | Loss: 1.6484 | Acc@1: 0.6953 | Acc@5: 0.9453 | Acc@10: 0.9922
Epoch 46 | Batch 40/58 | Loss: 1.9026 | Acc@1: 0.6328 | Acc@5: 0.8984 | Acc@10: 0.9297
Epoch 46 | Batch 50/58 | Loss: 2.0753 | Acc@1: 0.5781 | Acc@5: 0.8594 | Acc@10: 0.9375

Validation Results:
  Loss: 4.2471
  Acc@1: 0.3785 (37.85%)
  Acc@5: 0.5740 (57.40%)
  Acc@10: 0.6128 (61.28%)


Test Results:
  Loss: 4.9325
  Acc@1: 0.3083 (30.83%)
  Acc@5: 0.4840 (48.40%)
  Acc@10: 0.5297 (52.97%)

Epoch 46 Summary:
  Train - Loss: 1.8282 | Acc@1: 0.6580
  Val   - Loss: 4.2471 | Acc@1: 0.3785
  Test  - Loss: 4.9325 | Acc@1: 0.3083
  Time: 18.09s | LR: 0.000287

============================================================
Epoch 47/250
============================================================
Epoch 47 | Batch 10/58 | Loss: 1.7989 | Acc@1: 0.6797 | Acc@5: 0.9062 | Acc@10: 0.9922
Epoch 47 | Batch 20/58 | Loss: 1.7717 | Acc@1: 0.6719 | Acc@5: 0.9062 | Acc@10: 0.9766
Epoch 47 | Batch 30/58 | Loss: 1.7883 | Acc@1: 0.6953 | Acc@5: 0.9062 | Acc@10: 0.9531
Epoch 47 | Batch 40/58 | Loss: 1.7793 | Acc@1: 0.6484 | Acc@5: 0.9219 | Acc@10: 0.9844
Epoch 47 | Batch 50/58 | Loss: 1.7510 | Acc@1: 0.6562 | Acc@5: 0.9297 | Acc@10: 0.9609

Validation Results:
  Loss: 4.2331
  Acc@1: 0.3864 (38.64%)
  Acc@5: 0.5548 (55.48%)
  Acc@10: 0.6096 (60.96%)


Test Results:
  Loss: 4.9720
  Acc@1: 0.3064 (30.64%)
  Acc@5: 0.4829 (48.29%)
  Acc@10: 0.5213 (52.13%)

Epoch 47 Summary:
  Train - Loss: 1.8042 | Acc@1: 0.6550
  Val   - Loss: 4.2331 | Acc@1: 0.3864
  Test  - Loss: 4.9720 | Acc@1: 0.3064
  Time: 18.22s | LR: 0.000286

============================================================
Epoch 48/250
============================================================
Epoch 48 | Batch 10/58 | Loss: 1.5861 | Acc@1: 0.7344 | Acc@5: 0.9375 | Acc@10: 0.9766
Epoch 48 | Batch 20/58 | Loss: 1.7040 | Acc@1: 0.7266 | Acc@5: 0.9453 | Acc@10: 0.9766
Epoch 48 | Batch 30/58 | Loss: 1.7886 | Acc@1: 0.6328 | Acc@5: 0.9688 | Acc@10: 0.9922
Epoch 48 | Batch 40/58 | Loss: 1.7118 | Acc@1: 0.6797 | Acc@5: 0.9688 | Acc@10: 0.9844
Epoch 48 | Batch 50/58 | Loss: 1.7103 | Acc@1: 0.6875 | Acc@5: 0.9219 | Acc@10: 0.9453

Validation Results:
  Loss: 4.3307
  Acc@1: 0.3667 (36.67%)
  Acc@5: 0.5449 (54.49%)
  Acc@10: 0.5994 (59.94%)


Test Results:
  Loss: 5.0269
  Acc@1: 0.2944 (29.44%)
  Acc@5: 0.4686 (46.86%)
  Acc@10: 0.5130 (51.30%)

Epoch 48 Summary:
  Train - Loss: 1.7588 | Acc@1: 0.6676
  Val   - Loss: 4.3307 | Acc@1: 0.3667
  Test  - Loss: 5.0269 | Acc@1: 0.2944
  Time: 18.79s | LR: 0.000286

============================================================
Epoch 49/250
============================================================
Epoch 49 | Batch 10/58 | Loss: 1.9613 | Acc@1: 0.5859 | Acc@5: 0.9141 | Acc@10: 0.9609
Epoch 49 | Batch 20/58 | Loss: 1.7946 | Acc@1: 0.6562 | Acc@5: 0.9297 | Acc@10: 0.9844
Epoch 49 | Batch 30/58 | Loss: 1.6973 | Acc@1: 0.6328 | Acc@5: 0.9453 | Acc@10: 0.9844
Epoch 49 | Batch 40/58 | Loss: 1.8531 | Acc@1: 0.6328 | Acc@5: 0.8984 | Acc@10: 0.9453
Epoch 49 | Batch 50/58 | Loss: 1.8802 | Acc@1: 0.6094 | Acc@5: 0.9141 | Acc@10: 0.9609

Validation Results:
  Loss: 4.2319
  Acc@1: 0.3948 (39.48%)
  Acc@5: 0.5699 (56.99%)
  Acc@10: 0.6221 (62.21%)


Test Results:
  Loss: 5.0257
  Acc@1: 0.3059 (30.59%)
  Acc@5: 0.4794 (47.94%)
  Acc@10: 0.5276 (52.76%)

Epoch 49 Summary:
  Train - Loss: 1.7132 | Acc@1: 0.6812
  Val   - Loss: 4.2319 | Acc@1: 0.3948
  Test  - Loss: 5.0257 | Acc@1: 0.3059
  Time: 18.47s | LR: 0.000285

============================================================
Epoch 50/250
============================================================
Epoch 50 | Batch 10/58 | Loss: 1.6842 | Acc@1: 0.7031 | Acc@5: 0.9297 | Acc@10: 0.9766
Epoch 50 | Batch 20/58 | Loss: 1.7726 | Acc@1: 0.6562 | Acc@5: 0.9375 | Acc@10: 0.9688
Epoch 50 | Batch 30/58 | Loss: 1.5888 | Acc@1: 0.6797 | Acc@5: 0.9688 | Acc@10: 1.0000
Epoch 50 | Batch 40/58 | Loss: 1.7890 | Acc@1: 0.6250 | Acc@5: 0.9141 | Acc@10: 0.9688
Epoch 50 | Batch 50/58 | Loss: 1.6429 | Acc@1: 0.6797 | Acc@5: 0.9688 | Acc@10: 0.9922

Validation Results:
  Loss: 4.3132
  Acc@1: 0.3744 (37.44%)
  Acc@5: 0.5449 (54.49%)
  Acc@10: 0.6012 (60.12%)


Test Results:
  Loss: 4.9792
  Acc@1: 0.3009 (30.09%)
  Acc@5: 0.4800 (48.00%)
  Acc@10: 0.5226 (52.26%)

Epoch 50 Summary:
  Train - Loss: 1.7041 | Acc@1: 0.6755
  Val   - Loss: 4.3132 | Acc@1: 0.3744
  Test  - Loss: 4.9792 | Acc@1: 0.3009
  Time: 18.05s | LR: 0.000284
  Saved checkpoint: checkpoints/location_hrm_final_epoch50.pt

============================================================
Epoch 51/250
============================================================
Epoch 51 | Batch 10/58 | Loss: 1.6760 | Acc@1: 0.6875 | Acc@5: 0.9688 | Acc@10: 1.0000
Epoch 51 | Batch 20/58 | Loss: 1.6421 | Acc@1: 0.6953 | Acc@5: 0.9375 | Acc@10: 0.9844
Epoch 51 | Batch 30/58 | Loss: 1.6147 | Acc@1: 0.7031 | Acc@5: 0.9141 | Acc@10: 0.9609
Epoch 51 | Batch 40/58 | Loss: 1.8368 | Acc@1: 0.6328 | Acc@5: 0.9375 | Acc@10: 1.0000
Epoch 51 | Batch 50/58 | Loss: 1.6159 | Acc@1: 0.6875 | Acc@5: 0.9766 | Acc@10: 0.9844

Validation Results:
  Loss: 4.2851
  Acc@1: 0.3852 (38.52%)
  Acc@5: 0.5504 (55.04%)
  Acc@10: 0.6032 (60.32%)


Test Results:
  Loss: 4.9971
  Acc@1: 0.2993 (29.93%)
  Acc@5: 0.4687 (46.87%)
  Acc@10: 0.5171 (51.71%)

Epoch 51 Summary:
  Train - Loss: 1.6601 | Acc@1: 0.6903
  Val   - Loss: 4.2851 | Acc@1: 0.3852
  Test  - Loss: 4.9971 | Acc@1: 0.2993
  Time: 18.45s | LR: 0.000283

============================================================
Epoch 52/250
============================================================
Epoch 52 | Batch 10/58 | Loss: 1.5273 | Acc@1: 0.7578 | Acc@5: 0.9375 | Acc@10: 0.9922
Epoch 52 | Batch 20/58 | Loss: 1.4320 | Acc@1: 0.7578 | Acc@5: 0.9609 | Acc@10: 0.9922
Epoch 52 | Batch 30/58 | Loss: 1.6256 | Acc@1: 0.6953 | Acc@5: 0.9453 | Acc@10: 0.9922
Epoch 52 | Batch 40/58 | Loss: 1.6530 | Acc@1: 0.6953 | Acc@5: 0.9609 | Acc@10: 0.9766
Epoch 52 | Batch 50/58 | Loss: 1.6582 | Acc@1: 0.7266 | Acc@5: 0.9141 | Acc@10: 0.9688

Validation Results:
  Loss: 4.3311
  Acc@1: 0.3762 (37.62%)
  Acc@5: 0.5473 (54.73%)
  Acc@10: 0.5938 (59.38%)


Test Results:
  Loss: 4.9531
  Acc@1: 0.3056 (30.56%)
  Acc@5: 0.4831 (48.31%)
  Acc@10: 0.5235 (52.35%)

Epoch 52 Summary:
  Train - Loss: 1.6239 | Acc@1: 0.7015
  Val   - Loss: 4.3311 | Acc@1: 0.3762
  Test  - Loss: 4.9531 | Acc@1: 0.3056
  Time: 18.68s | LR: 0.000282

============================================================
Epoch 53/250
============================================================
Epoch 53 | Batch 10/58 | Loss: 1.7053 | Acc@1: 0.6641 | Acc@5: 0.9688 | Acc@10: 0.9844
Epoch 53 | Batch 20/58 | Loss: 1.6380 | Acc@1: 0.7031 | Acc@5: 0.9297 | Acc@10: 1.0000
Epoch 53 | Batch 30/58 | Loss: 1.6088 | Acc@1: 0.7188 | Acc@5: 0.9609 | Acc@10: 0.9922
Epoch 53 | Batch 40/58 | Loss: 1.6775 | Acc@1: 0.6953 | Acc@5: 0.9531 | Acc@10: 0.9844
Epoch 53 | Batch 50/58 | Loss: 1.5123 | Acc@1: 0.7734 | Acc@5: 0.9688 | Acc@10: 0.9844

Validation Results:
  Loss: 4.4377
  Acc@1: 0.3618 (36.18%)
  Acc@5: 0.5352 (53.52%)
  Acc@10: 0.5899 (58.99%)


Test Results:
  Loss: 5.1543
  Acc@1: 0.2843 (28.43%)
  Acc@5: 0.4454 (44.54%)
  Acc@10: 0.5034 (50.34%)

Epoch 53 Summary:
  Train - Loss: 1.5879 | Acc@1: 0.7084
  Val   - Loss: 4.4377 | Acc@1: 0.3618
  Test  - Loss: 5.1543 | Acc@1: 0.2843
  Time: 18.55s | LR: 0.000281

============================================================
Epoch 54/250
============================================================
Epoch 54 | Batch 10/58 | Loss: 1.4462 | Acc@1: 0.7891 | Acc@5: 0.9531 | Acc@10: 0.9844
Epoch 54 | Batch 20/58 | Loss: 1.4235 | Acc@1: 0.7656 | Acc@5: 0.9766 | Acc@10: 0.9844
Epoch 54 | Batch 30/58 | Loss: 1.7293 | Acc@1: 0.6719 | Acc@5: 0.9453 | Acc@10: 0.9844
Epoch 54 | Batch 40/58 | Loss: 1.6046 | Acc@1: 0.7109 | Acc@5: 0.9531 | Acc@10: 0.9922
Epoch 54 | Batch 50/58 | Loss: 1.5624 | Acc@1: 0.6641 | Acc@5: 0.9688 | Acc@10: 0.9922

Validation Results:
  Loss: 4.3625
  Acc@1: 0.3783 (37.83%)
  Acc@5: 0.5505 (55.05%)
  Acc@10: 0.5968 (59.68%)


Test Results:
  Loss: 5.0747
  Acc@1: 0.2868 (28.68%)
  Acc@5: 0.4620 (46.20%)
  Acc@10: 0.5165 (51.65%)

Epoch 54 Summary:
  Train - Loss: 1.5693 | Acc@1: 0.7097
  Val   - Loss: 4.3625 | Acc@1: 0.3783
  Test  - Loss: 5.0747 | Acc@1: 0.2868
  Time: 18.07s | LR: 0.000280

============================================================
Epoch 55/250
============================================================
Epoch 55 | Batch 10/58 | Loss: 1.5236 | Acc@1: 0.7344 | Acc@5: 0.9688 | Acc@10: 1.0000
Epoch 55 | Batch 20/58 | Loss: 1.4553 | Acc@1: 0.7344 | Acc@5: 0.9609 | Acc@10: 1.0000
Epoch 55 | Batch 30/58 | Loss: 1.3527 | Acc@1: 0.8047 | Acc@5: 0.9688 | Acc@10: 0.9922
Epoch 55 | Batch 40/58 | Loss: 1.6053 | Acc@1: 0.6719 | Acc@5: 0.9609 | Acc@10: 0.9922
Epoch 55 | Batch 50/58 | Loss: 1.5135 | Acc@1: 0.7188 | Acc@5: 0.9531 | Acc@10: 0.9766

Validation Results:
  Loss: 4.4132
  Acc@1: 0.3696 (36.96%)
  Acc@5: 0.5319 (53.19%)
  Acc@10: 0.5832 (58.32%)


Test Results:
  Loss: 5.0807
  Acc@1: 0.2871 (28.71%)
  Acc@5: 0.4491 (44.91%)
  Acc@10: 0.5034 (50.34%)

Epoch 55 Summary:
  Train - Loss: 1.5382 | Acc@1: 0.7205
  Val   - Loss: 4.4132 | Acc@1: 0.3696
  Test  - Loss: 5.0807 | Acc@1: 0.2871
  Time: 18.37s | LR: 0.000279

============================================================
Epoch 56/250
============================================================
Epoch 56 | Batch 10/58 | Loss: 1.4378 | Acc@1: 0.7266 | Acc@5: 1.0000 | Acc@10: 1.0000
Epoch 56 | Batch 20/58 | Loss: 1.8256 | Acc@1: 0.6328 | Acc@5: 0.9453 | Acc@10: 0.9844
Epoch 56 | Batch 30/58 | Loss: 1.5524 | Acc@1: 0.7109 | Acc@5: 0.9688 | Acc@10: 1.0000
Epoch 56 | Batch 40/58 | Loss: 1.3753 | Acc@1: 0.8047 | Acc@5: 0.9531 | Acc@10: 0.9922
Epoch 56 | Batch 50/58 | Loss: 1.7634 | Acc@1: 0.6250 | Acc@5: 0.9219 | Acc@10: 0.9844

Validation Results:
  Loss: 4.3503
  Acc@1: 0.3899 (38.99%)
  Acc@5: 0.5541 (55.41%)
  Acc@10: 0.6050 (60.50%)


Test Results:
  Loss: 5.0260
  Acc@1: 0.3053 (30.53%)
  Acc@5: 0.4733 (47.33%)
  Acc@10: 0.5162 (51.62%)

Epoch 56 Summary:
  Train - Loss: 1.5096 | Acc@1: 0.7309
  Val   - Loss: 4.3503 | Acc@1: 0.3899
  Test  - Loss: 5.0260 | Acc@1: 0.3053
  Time: 18.90s | LR: 0.000278

============================================================
Epoch 57/250
============================================================
Epoch 57 | Batch 10/58 | Loss: 1.4173 | Acc@1: 0.7812 | Acc@5: 0.9688 | Acc@10: 0.9922
Epoch 57 | Batch 20/58 | Loss: 1.3995 | Acc@1: 0.7500 | Acc@5: 0.9453 | Acc@10: 1.0000
Epoch 57 | Batch 30/58 | Loss: 1.7062 | Acc@1: 0.6562 | Acc@5: 0.9609 | Acc@10: 1.0000
Epoch 57 | Batch 40/58 | Loss: 1.3435 | Acc@1: 0.7969 | Acc@5: 0.9766 | Acc@10: 0.9922
Epoch 57 | Batch 50/58 | Loss: 1.5007 | Acc@1: 0.7188 | Acc@5: 0.9531 | Acc@10: 1.0000

Validation Results:
  Loss: 4.5497
  Acc@1: 0.3438 (34.38%)
  Acc@5: 0.5326 (53.26%)
  Acc@10: 0.5909 (59.09%)


Test Results:
  Loss: 5.2495
  Acc@1: 0.2808 (28.08%)
  Acc@5: 0.4500 (45.00%)
  Acc@10: 0.4998 (49.98%)

Epoch 57 Summary:
  Train - Loss: 1.4815 | Acc@1: 0.7321
  Val   - Loss: 4.5497 | Acc@1: 0.3438
  Test  - Loss: 5.2495 | Acc@1: 0.2808
  Time: 18.11s | LR: 0.000277

============================================================
Epoch 58/250
============================================================
Epoch 58 | Batch 10/58 | Loss: 1.4974 | Acc@1: 0.7734 | Acc@5: 0.9375 | Acc@10: 1.0000
Epoch 58 | Batch 20/58 | Loss: 1.4045 | Acc@1: 0.7422 | Acc@5: 0.9766 | Acc@10: 0.9844
Epoch 58 | Batch 30/58 | Loss: 1.3765 | Acc@1: 0.7188 | Acc@5: 0.9766 | Acc@10: 1.0000
Epoch 58 | Batch 40/58 | Loss: 1.3592 | Acc@1: 0.7812 | Acc@5: 0.9688 | Acc@10: 0.9922
Epoch 58 | Batch 50/58 | Loss: 1.6067 | Acc@1: 0.6875 | Acc@5: 0.9531 | Acc@10: 1.0000

Validation Results:
  Loss: 4.3878
  Acc@1: 0.3815 (38.15%)
  Acc@5: 0.5412 (54.12%)
  Acc@10: 0.6059 (60.59%)


Test Results:
  Loss: 5.0118
  Acc@1: 0.3089 (30.89%)
  Acc@5: 0.4842 (48.42%)
  Acc@10: 0.5226 (52.26%)

Epoch 58 Summary:
  Train - Loss: 1.4762 | Acc@1: 0.7399
  Val   - Loss: 4.3878 | Acc@1: 0.3815
  Test  - Loss: 5.0118 | Acc@1: 0.3089
  Time: 18.54s | LR: 0.000276

============================================================
Epoch 59/250
============================================================
Epoch 59 | Batch 10/58 | Loss: 1.4495 | Acc@1: 0.7344 | Acc@5: 0.9922 | Acc@10: 0.9922
Epoch 59 | Batch 20/58 | Loss: 1.3744 | Acc@1: 0.8047 | Acc@5: 0.9766 | Acc@10: 1.0000
Epoch 59 | Batch 30/58 | Loss: 1.3529 | Acc@1: 0.7969 | Acc@5: 0.9844 | Acc@10: 1.0000
Epoch 59 | Batch 40/58 | Loss: 1.3796 | Acc@1: 0.7266 | Acc@5: 0.9844 | Acc@10: 1.0000
Epoch 59 | Batch 50/58 | Loss: 1.4707 | Acc@1: 0.7656 | Acc@5: 0.9922 | Acc@10: 1.0000

Validation Results:
  Loss: 4.4453
  Acc@1: 0.3653 (36.53%)
  Acc@5: 0.5323 (53.23%)
  Acc@10: 0.5884 (58.84%)


Test Results:
  Loss: 5.1635
  Acc@1: 0.2870 (28.70%)
  Acc@5: 0.4580 (45.80%)
  Acc@10: 0.5023 (50.23%)

Epoch 59 Summary:
  Train - Loss: 1.4403 | Acc@1: 0.7456
  Val   - Loss: 4.4453 | Acc@1: 0.3653
  Test  - Loss: 5.1635 | Acc@1: 0.2870
  Time: 19.05s | LR: 0.000275

============================================================
Epoch 60/250
============================================================
Epoch 60 | Batch 10/58 | Loss: 1.4264 | Acc@1: 0.7578 | Acc@5: 0.9531 | Acc@10: 0.9844
Epoch 60 | Batch 20/58 | Loss: 1.4126 | Acc@1: 0.7734 | Acc@5: 0.9609 | Acc@10: 1.0000
Epoch 60 | Batch 30/58 | Loss: 1.2980 | Acc@1: 0.7656 | Acc@5: 0.9922 | Acc@10: 1.0000
Epoch 60 | Batch 40/58 | Loss: 1.3038 | Acc@1: 0.8125 | Acc@5: 0.9609 | Acc@10: 1.0000
Epoch 60 | Batch 50/58 | Loss: 1.4228 | Acc@1: 0.7500 | Acc@5: 0.9766 | Acc@10: 1.0000

Validation Results:
  Loss: 4.5033
  Acc@1: 0.3595 (35.95%)
  Acc@5: 0.5267 (52.67%)
  Acc@10: 0.5829 (58.29%)


Test Results:
  Loss: 5.1073
  Acc@1: 0.2887 (28.87%)
  Acc@5: 0.4568 (45.68%)
  Acc@10: 0.5103 (51.03%)

Epoch 60 Summary:
  Train - Loss: 1.4045 | Acc@1: 0.7574
  Val   - Loss: 4.5033 | Acc@1: 0.3595
  Test  - Loss: 5.1073 | Acc@1: 0.2887
  Time: 17.95s | LR: 0.000274
  Saved checkpoint: checkpoints/location_hrm_final_epoch60.pt

============================================================
Epoch 61/250
============================================================
Epoch 61 | Batch 10/58 | Loss: 1.3769 | Acc@1: 0.7500 | Acc@5: 0.9922 | Acc@10: 0.9922
Epoch 61 | Batch 20/58 | Loss: 1.2422 | Acc@1: 0.8047 | Acc@5: 0.9922 | Acc@10: 1.0000
Epoch 61 | Batch 30/58 | Loss: 1.3417 | Acc@1: 0.7812 | Acc@5: 0.9844 | Acc@10: 1.0000
Epoch 61 | Batch 40/58 | Loss: 1.3141 | Acc@1: 0.8203 | Acc@5: 0.9688 | Acc@10: 0.9922
Epoch 61 | Batch 50/58 | Loss: 1.3168 | Acc@1: 0.7656 | Acc@5: 0.9922 | Acc@10: 1.0000

Validation Results:
  Loss: 4.5085
  Acc@1: 0.3565 (35.65%)
  Acc@5: 0.5276 (52.76%)
  Acc@10: 0.5768 (57.68%)


Test Results:
  Loss: 5.1024
  Acc@1: 0.2772 (27.72%)
  Acc@5: 0.4601 (46.01%)
  Acc@10: 0.5054 (50.54%)

Epoch 61 Summary:
  Train - Loss: 1.3713 | Acc@1: 0.7676
  Val   - Loss: 4.5085 | Acc@1: 0.3565
  Test  - Loss: 5.1024 | Acc@1: 0.2772
  Time: 18.59s | LR: 0.000273

============================================================
Epoch 62/250
============================================================
Epoch 62 | Batch 10/58 | Loss: 1.1061 | Acc@1: 0.8672 | Acc@5: 0.9922 | Acc@10: 1.0000
Epoch 62 | Batch 20/58 | Loss: 1.2779 | Acc@1: 0.7500 | Acc@5: 0.9766 | Acc@10: 0.9922
Epoch 62 | Batch 30/58 | Loss: 1.4765 | Acc@1: 0.7266 | Acc@5: 0.9766 | Acc@10: 1.0000
Epoch 62 | Batch 40/58 | Loss: 1.3576 | Acc@1: 0.7969 | Acc@5: 0.9844 | Acc@10: 1.0000
Epoch 62 | Batch 50/58 | Loss: 1.4594 | Acc@1: 0.7266 | Acc@5: 0.9531 | Acc@10: 0.9922

Validation Results:
  Loss: 4.5186
  Acc@1: 0.3521 (35.21%)
  Acc@5: 0.5320 (53.20%)
  Acc@10: 0.5832 (58.32%)


Test Results:
  Loss: 5.1742
  Acc@1: 0.2805 (28.05%)
  Acc@5: 0.4559 (45.59%)
  Acc@10: 0.5064 (50.64%)

Epoch 62 Summary:
  Train - Loss: 1.3531 | Acc@1: 0.7736
  Val   - Loss: 4.5186 | Acc@1: 0.3521
  Test  - Loss: 5.1742 | Acc@1: 0.2805
  Time: 18.57s | LR: 0.000271

============================================================
Epoch 63/250
============================================================
Epoch 63 | Batch 10/58 | Loss: 1.2258 | Acc@1: 0.8281 | Acc@5: 0.9766 | Acc@10: 0.9922
Epoch 63 | Batch 20/58 | Loss: 1.3452 | Acc@1: 0.7969 | Acc@5: 0.9766 | Acc@10: 0.9922
Epoch 63 | Batch 30/58 | Loss: 1.5151 | Acc@1: 0.7031 | Acc@5: 0.9453 | Acc@10: 0.9844
Epoch 63 | Batch 40/58 | Loss: 1.3883 | Acc@1: 0.7734 | Acc@5: 0.9453 | Acc@10: 0.9922
Epoch 63 | Batch 50/58 | Loss: 1.3969 | Acc@1: 0.7500 | Acc@5: 0.9766 | Acc@10: 0.9922

Validation Results:
  Loss: 4.4774
  Acc@1: 0.3540 (35.40%)
  Acc@5: 0.5264 (52.64%)
  Acc@10: 0.5926 (59.26%)


Test Results:
  Loss: 5.1732
  Acc@1: 0.2679 (26.79%)
  Acc@5: 0.4505 (45.05%)
  Acc@10: 0.5037 (50.37%)

Epoch 63 Summary:
  Train - Loss: 1.3334 | Acc@1: 0.7804
  Val   - Loss: 4.4774 | Acc@1: 0.3540
  Test  - Loss: 5.1732 | Acc@1: 0.2679
  Time: 18.64s | LR: 0.000270

============================================================
Epoch 64/250
============================================================
Epoch 64 | Batch 10/58 | Loss: 1.3358 | Acc@1: 0.7500 | Acc@5: 0.9766 | Acc@10: 1.0000
Epoch 64 | Batch 20/58 | Loss: 1.2974 | Acc@1: 0.8047 | Acc@5: 0.9922 | Acc@10: 1.0000
Epoch 64 | Batch 30/58 | Loss: 1.2263 | Acc@1: 0.7812 | Acc@5: 0.9922 | Acc@10: 1.0000
Epoch 64 | Batch 40/58 | Loss: 1.2854 | Acc@1: 0.8047 | Acc@5: 0.9844 | Acc@10: 1.0000
Epoch 64 | Batch 50/58 | Loss: 1.2883 | Acc@1: 0.8125 | Acc@5: 0.9844 | Acc@10: 0.9922

Validation Results:
  Loss: 4.4422
  Acc@1: 0.3785 (37.85%)
  Acc@5: 0.5398 (53.98%)
  Acc@10: 0.5923 (59.23%)


Test Results:
  Loss: 5.1661
  Acc@1: 0.2974 (29.74%)
  Acc@5: 0.4480 (44.80%)
  Acc@10: 0.4983 (49.83%)

Epoch 64 Summary:
  Train - Loss: 1.3041 | Acc@1: 0.7857
  Val   - Loss: 4.4422 | Acc@1: 0.3785
  Test  - Loss: 5.1661 | Acc@1: 0.2974
  Time: 18.13s | LR: 0.000269

============================================================
Epoch 65/250
============================================================
Epoch 65 | Batch 10/58 | Loss: 1.2628 | Acc@1: 0.8047 | Acc@5: 1.0000 | Acc@10: 1.0000
Epoch 65 | Batch 20/58 | Loss: 1.2655 | Acc@1: 0.7891 | Acc@5: 0.9922 | Acc@10: 0.9922
Epoch 65 | Batch 30/58 | Loss: 1.2433 | Acc@1: 0.8047 | Acc@5: 1.0000 | Acc@10: 1.0000
Epoch 65 | Batch 40/58 | Loss: 1.3918 | Acc@1: 0.7656 | Acc@5: 0.9688 | Acc@10: 0.9922
Epoch 65 | Batch 50/58 | Loss: 1.3634 | Acc@1: 0.7891 | Acc@5: 0.9766 | Acc@10: 0.9922

Validation Results:
  Loss: 4.6135
  Acc@1: 0.3554 (35.54%)
  Acc@5: 0.5173 (51.73%)
  Acc@10: 0.5667 (56.67%)


Test Results:
  Loss: 5.2102
  Acc@1: 0.2740 (27.40%)
  Acc@5: 0.4490 (44.90%)
  Acc@10: 0.4990 (49.90%)

Epoch 65 Summary:
  Train - Loss: 1.2833 | Acc@1: 0.7936
  Val   - Loss: 4.6135 | Acc@1: 0.3554
  Test  - Loss: 5.2102 | Acc@1: 0.2740
  Time: 18.25s | LR: 0.000268

============================================================
Epoch 66/250
============================================================
Epoch 66 | Batch 10/58 | Loss: 1.3325 | Acc@1: 0.7812 | Acc@5: 0.9922 | Acc@10: 0.9922
Epoch 66 | Batch 20/58 | Loss: 1.1738 | Acc@1: 0.8281 | Acc@5: 1.0000 | Acc@10: 1.0000
Epoch 66 | Batch 30/58 | Loss: 1.3815 | Acc@1: 0.7969 | Acc@5: 0.9453 | Acc@10: 0.9922
Epoch 66 | Batch 40/58 | Loss: 1.2619 | Acc@1: 0.8125 | Acc@5: 0.9844 | Acc@10: 1.0000
Epoch 66 | Batch 50/58 | Loss: 1.3410 | Acc@1: 0.7656 | Acc@5: 0.9844 | Acc@10: 1.0000

Validation Results:
  Loss: 4.5069
  Acc@1: 0.3632 (36.32%)
  Acc@5: 0.5393 (53.93%)
  Acc@10: 0.5879 (58.79%)


Test Results:
  Loss: 5.1704
  Acc@1: 0.2877 (28.77%)
  Acc@5: 0.4506 (45.06%)
  Acc@10: 0.5035 (50.35%)

Epoch 66 Summary:
  Train - Loss: 1.2634 | Acc@1: 0.8004
  Val   - Loss: 4.5069 | Acc@1: 0.3632
  Test  - Loss: 5.1704 | Acc@1: 0.2877
  Time: 11.37s | LR: 0.000266

============================================================
Early stopping: No improvement for 40 epochs
============================================================


============================================================
Training completed!
============================================================
Best validation Acc@1: 0.4319 (43.19%)
Best test Acc@1: 0.3472 (34.72%)

⚠️  Did not reach 40% target. Best was 34.72%
